
**** Build of configuration Device-Debug for project SampleHost ****

**** Internal Builder is used for build               ****
qcc -o SampleHost src/main.o src/bbutil.o -l/Users/nictuku/Documents/development/zipline/moai-dev/momentics/aku/Device-Debug/libaku.a -l/Users/nictuku/Documents/development/zipline/moai-dev/momentics/moaicore/Device-Debug/libmoaicore.a -l/Users/nictuku/Documents/development/zipline/moai-dev/momentics/uslscore/Device-Debug/libuslscore.a -l/Users/nictuku/Documents/development/zipline/moai-dev/momentics/zlcore/Device-Debug/libzlcore.a -l/Users/nictuku/Documents/development/zipline/moai-dev/momentics/expat/Device-Debug/libexpat.a -l/Users/nictuku/Documents/development/zipline/moai-dev/momentics/tinyxml/Device-Debug/libtinyxml.a -l/Users/nictuku/Documents/development/zipline/moai-dev/momentics/luaext/Device-Debug/libluaext.a -l/Users/nictuku/Documents/development/zipline/moai-dev/momentics/lua/Device-Debug/liblua.a -l/Users/nictuku/Documents/development/zipline/moai-dev/momentics/chipmunk/Device-Debug/libchipmunk.a -l/Users/nictuku/Documents/development/zipline/moai-dev/momentics/jpeg/Device-Debug/libjpeg.a -l/Users/nictuku/Documents/development/zipline/moai-dev/momentics/contrib/Device-Debug/libcontrib.a -l/Users/nictuku/Documents/development/zipline/moai-dev/momentics/tlsf/Device-Debug/libtlsf.a -l/Users/nictuku/Documents/development/zipline/moai-dev/momentics/box2d/Device-Debug/libbox2d.a -l/Users/nictuku/Documents/development/zipline/moai-dev/momentics/moaiext-untz/Device-Debug/libmoaiext-untz.a -l/Users/nictuku/Documents/development/zipline/moai-dev/momentics/jansson/Device-Debug/libjansson.a -lpng -lm -lz -lcurl -lssl -lsocket -lcrypto -lEGL -lfreetype -lscreen -lbps -lGLESv1_CM -lGLESv2 -l/Users/nictuku/Documents/development/zipline/moai-dev/momentics/untz/Device-Debug/libuntz.a -l/Users/nictuku/Documents/development/zipline/moai-dev/momentics/vorbis/Device-Debug/libvorbis.a -l/Users/nictuku/Documents/development/zipline/moai-dev/momentics/ogg/Device-Debug/libogg.a -V4.6.3,gcc_ntoarmv7le_cpp -w1 -lang-c++ -g -Wl,-z,relro -Wl,-z,now -L/Applications/bbndk/target_10_0_9_1673/qnx6/../target-override/armle-v7/lib -L/Applications/bbndk/target_10_0_9_1673/qnx6/../target-override/armle-v7/usr/lib
Build complete for project SampleHost
Time consumed: 6171  ms.  

**** Build of configuration Device-Debug for project SampleHost ****

**** Internal Builder is used for build               ****
Nothing to build for SampleHost

**** Build of configuration Device-Debug for project SampleHost ****

**** Internal Builder is used for build               ****
Nothing to build for SampleHost

**** Build of configuration Device-Debug for project SampleHost ****

**** Internal Builder is used for build               ****
Nothing to build for SampleHost

**** Build of configuration Device-Debug for project SampleHost ****

**** Internal Builder is used for build               ****
Nothing to build for SampleHost

**** Build of configuration Device-Debug for project SampleHost ****

**** Internal Builder is used for build               ****
Nothing to build for SampleHost
