
**** Rebuild of configuration Device-Debug for project jpeg ****

**** Internal Builder is used for build               ****
qcc -o src/jaricom.o ../../../3rdparty/jpeg-8c/jaricom.c -V4.6.3,gcc_ntoarmv7le -w1 -I/Users/nictuku/Documents/development/zipline/moai-dev/momentics/jpeg/public -I/Applications/bbndk/target_10_0_9_1673/qnx6/usr/include/freetype2 -I/Applications/bbndk/target_10_0_9_1673/qnx6/../target-override/usr/include -D_FORTIFY_SOURCE=2 -c -O0 -g -fstack-protector-strong
qcc -o src/transupp.o ../../../3rdparty/jpeg-8c/transupp.c -V4.6.3,gcc_ntoarmv7le -w1 -I/Users/nictuku/Documents/development/zipline/moai-dev/momentics/jpeg/public -I/Applications/bbndk/target_10_0_9_1673/qnx6/usr/include/freetype2 -I/Applications/bbndk/target_10_0_9_1673/qnx6/../target-override/usr/include -D_FORTIFY_SOURCE=2 -c -O0 -g -fstack-protector-strong
qcc -o src/jcarith.o ../../../3rdparty/jpeg-8c/jcarith.c -V4.6.3,gcc_ntoarmv7le -w1 -I/Users/nictuku/Documents/development/zipline/moai-dev/momentics/jpeg/public -I/Applications/bbndk/target_10_0_9_1673/qnx6/usr/include/freetype2 -I/Applications/bbndk/target_10_0_9_1673/qnx6/../target-override/usr/include -D_FORTIFY_SOURCE=2 -c -O0 -g -fstack-protector-strong
qcc -o src/jidctint.o ../../../3rdparty/jpeg-8c/jidctint.c -V4.6.3,gcc_ntoarmv7le -w1 -I/Users/nictuku/Documents/development/zipline/moai-dev/momentics/jpeg/public -I/Applications/bbndk/target_10_0_9_1673/qnx6/usr/include/freetype2 -I/Applications/bbndk/target_10_0_9_1673/qnx6/../target-override/usr/include -D_FORTIFY_SOURCE=2 -c -O0 -g -fstack-protector-strong
qcc -o src/jccoefct.o ../../../3rdparty/jpeg-8c/jccoefct.c -V4.6.3,gcc_ntoarmv7le -w1 -I/Users/nictuku/Documents/development/zipline/moai-dev/momentics/jpeg/public -I/Applications/bbndk/target_10_0_9_1673/qnx6/usr/include/freetype2 -I/Applications/bbndk/target_10_0_9_1673/qnx6/../target-override/usr/include -D_FORTIFY_SOURCE=2 -c -O0 -g -fstack-protector-strong
qcc -o src/jmemnobs.o ../../../3rdparty/jpeg-8c/jmemnobs.c -V4.6.3,gcc_ntoarmv7le -w1 -I/Users/nictuku/Documents/development/zipline/moai-dev/momentics/jpeg/public -I/Applications/bbndk/target_10_0_9_1673/qnx6/usr/include/freetype2 -I/Applications/bbndk/target_10_0_9_1673/qnx6/../target-override/usr/include -D_FORTIFY_SOURCE=2 -c -O0 -g -fstack-protector-strong
qcc -o src/wrtarga.o ../../../3rdparty/jpeg-8c/wrtarga.c -V4.6.3,gcc_ntoarmv7le -w1 -I/Users/nictuku/Documents/development/zipline/moai-dev/momentics/jpeg/public -I/Applications/bbndk/target_10_0_9_1673/qnx6/usr/include/freetype2 -I/Applications/bbndk/target_10_0_9_1673/qnx6/../target-override/usr/include -D_FORTIFY_SOURCE=2 -c -O0 -g -fstack-protector-strong
qcc -o src/jquant2.o ../../../3rdparty/jpeg-8c/jquant2.c -V4.6.3,gcc_ntoarmv7le -w1 -I/Users/nictuku/Documents/development/zipline/moai-dev/momentics/jpeg/public -I/Applications/bbndk/target_10_0_9_1673/qnx6/usr/include/freetype2 -I/Applications/bbndk/target_10_0_9_1673/qnx6/../target-override/usr/include -D_FORTIFY_SOURCE=2 -c -O0 -g -fstack-protector-strong
qcc -o src/jdcoefct.o ../../../3rdparty/jpeg-8c/jdcoefct.c -V4.6.3,gcc_ntoarmv7le -w1 -I/Users/nictuku/Documents/development/zipline/moai-dev/momentics/jpeg/public -I/Applications/bbndk/target_10_0_9_1673/qnx6/usr/include/freetype2 -I/Applications/bbndk/target_10_0_9_1673/qnx6/../target-override/usr/include -D_FORTIFY_SOURCE=2 -c -O0 -g -fstack-protector-strong
qcc -o src/jdapistd.o ../../../3rdparty/jpeg-8c/jdapistd.c -V4.6.3,gcc_ntoarmv7le -w1 -I/Users/nictuku/Documents/development/zipline/moai-dev/momentics/jpeg/public -I/Applications/bbndk/target_10_0_9_1673/qnx6/usr/include/freetype2 -I/Applications/bbndk/target_10_0_9_1673/qnx6/../target-override/usr/include -D_FORTIFY_SOURCE=2 -c -O0 -g -fstack-protector-strong
qcc -o src/rdppm.o ../../../3rdparty/jpeg-8c/rdppm.c -V4.6.3,gcc_ntoarmv7le -w1 -I/Users/nictuku/Documents/development/zipline/moai-dev/momentics/jpeg/public -I/Applications/bbndk/target_10_0_9_1673/qnx6/usr/include/freetype2 -I/Applications/bbndk/target_10_0_9_1673/qnx6/../target-override/usr/include -D_FORTIFY_SOURCE=2 -c -O0 -g -fstack-protector-strong
qcc -o src/jfdctflt.o ../../../3rdparty/jpeg-8c/jfdctflt.c -V4.6.3,gcc_ntoarmv7le -w1 -I/Users/nictuku/Documents/development/zipline/moai-dev/momentics/jpeg/public -I/Applications/bbndk/target_10_0_9_1673/qnx6/usr/include/freetype2 -I/Applications/bbndk/target_10_0_9_1673/qnx6/../target-override/usr/include -D_FORTIFY_SOURCE=2 -c -O0 -g -fstack-protector-strong
qcc -o src/cdjpeg.o ../../../3rdparty/jpeg-8c/cdjpeg.c -V4.6.3,gcc_ntoarmv7le -w1 -I/Users/nictuku/Documents/development/zipline/moai-dev/momentics/jpeg/public -I/Applications/bbndk/target_10_0_9_1673/qnx6/usr/include/freetype2 -I/Applications/bbndk/target_10_0_9_1673/qnx6/../target-override/usr/include -D_FORTIFY_SOURCE=2 -c -O0 -g -fstack-protector-strong
qcc -o src/jerror.o ../../../3rdparty/jpeg-8c/jerror.c -V4.6.3,gcc_ntoarmv7le -w1 -I/Users/nictuku/Documents/development/zipline/moai-dev/momentics/jpeg/public -I/Applications/bbndk/target_10_0_9_1673/qnx6/usr/include/freetype2 -I/Applications/bbndk/target_10_0_9_1673/qnx6/../target-override/usr/include -D_FORTIFY_SOURCE=2 -c -O0 -g -fstack-protector-strong
../../../3rdparty/jpeg-8c/jerror.c: In function 'error_exit':
../../../3rdparty/jpeg-8c/jerror.c:78:3: warning: implicit declaration of function 'exit' [-Wimplicit-function-declaration]
../../../3rdparty/jpeg-8c/jerror.c:78:3: warning: incompatible implicit declaration of built-in function 'exit' [enabled by default]
qcc -o src/jcprepct.o ../../../3rdparty/jpeg-8c/jcprepct.c -V4.6.3,gcc_ntoarmv7le -w1 -I/Users/nictuku/Documents/development/zipline/moai-dev/momentics/jpeg/public -I/Applications/bbndk/target_10_0_9_1673/qnx6/usr/include/freetype2 -I/Applications/bbndk/target_10_0_9_1673/qnx6/../target-override/usr/include -D_FORTIFY_SOURCE=2 -c -O0 -g -fstack-protector-strong
qcc -o src/jcapistd.o ../../../3rdparty/jpeg-8c/jcapistd.c -V4.6.3,gcc_ntoarmv7le -w1 -I/Users/nictuku/Documents/development/zipline/moai-dev/momentics/jpeg/public -I/Applications/bbndk/target_10_0_9_1673/qnx6/usr/include/freetype2 -I/Applications/bbndk/target_10_0_9_1673/qnx6/../target-override/usr/include -D_FORTIFY_SOURCE=2 -c -O0 -g -fstack-protector-strong
qcc -o src/jdatadst.o ../../../3rdparty/jpeg-8c/jdatadst.c -V4.6.3,gcc_ntoarmv7le -w1 -I/Users/nictuku/Documents/development/zipline/moai-dev/momentics/jpeg/public -I/Applications/bbndk/target_10_0_9_1673/qnx6/usr/include/freetype2 -I/Applications/bbndk/target_10_0_9_1673/qnx6/../target-override/usr/include -D_FORTIFY_SOURCE=2 -c -O0 -g -fstack-protector-strong
qcc -o src/jdatasrc.o ../../../3rdparty/jpeg-8c/jdatasrc.c -V4.6.3,gcc_ntoarmv7le -w1 -I/Users/nictuku/Documents/development/zipline/moai-dev/momentics/jpeg/public -I/Applications/bbndk/target_10_0_9_1673/qnx6/usr/include/freetype2 -I/Applications/bbndk/target_10_0_9_1673/qnx6/../target-override/usr/include -D_FORTIFY_SOURCE=2 -c -O0 -g -fstack-protector-strong
qcc -o src/wrbmp.o ../../../3rdparty/jpeg-8c/wrbmp.c -V4.6.3,gcc_ntoarmv7le -w1 -I/Users/nictuku/Documents/development/zipline/moai-dev/momentics/jpeg/public -I/Applications/bbndk/target_10_0_9_1673/qnx6/usr/include/freetype2 -I/Applications/bbndk/target_10_0_9_1673/qnx6/../target-override/usr/include -D_FORTIFY_SOURCE=2 -c -O0 -g -fstack-protector-strong
qcc -o src/jidctflt.o ../../../3rdparty/jpeg-8c/jidctflt.c -V4.6.3,gcc_ntoarmv7le -w1 -I/Users/nictuku/Documents/development/zipline/moai-dev/momentics/jpeg/public -I/Applications/bbndk/target_10_0_9_1673/qnx6/usr/include/freetype2 -I/Applications/bbndk/target_10_0_9_1673/qnx6/../target-override/usr/include -D_FORTIFY_SOURCE=2 -c -O0 -g -fstack-protector-strong
qcc -o src/jdmainct.o ../../../3rdparty/jpeg-8c/jdmainct.c -V4.6.3,gcc_ntoarmv7le -w1 -I/Users/nictuku/Documents/development/zipline/moai-dev/momentics/jpeg/public -I/Applications/bbndk/target_10_0_9_1673/qnx6/usr/include/freetype2 -I/Applications/bbndk/target_10_0_9_1673/qnx6/../target-override/usr/include -D_FORTIFY_SOURCE=2 -c -O0 -g -fstack-protector-strong
../../../3rdparty/jpeg-8c/jdmainct.c: In function 'alloc_funny_pointers':
../../../3rdparty/jpeg-8c/jdmainct.c:162:15: warning: 'main' is usually a function [-Wmain]
../../../3rdparty/jpeg-8c/jdmainct.c: In function 'make_funny_pointers':
../../../3rdparty/jpeg-8c/jdmainct.c:203:15: warning: 'main' is usually a function [-Wmain]
../../../3rdparty/jpeg-8c/jdmainct.c: In function 'set_wraparound_pointers':
../../../3rdparty/jpeg-8c/jdmainct.c:243:15: warning: 'main' is usually a function [-Wmain]
../../../3rdparty/jpeg-8c/jdmainct.c: In function 'set_bottom_pointers':
../../../3rdparty/jpeg-8c/jdmainct.c:272:15: warning: 'main' is usually a function [-Wmain]
../../../3rdparty/jpeg-8c/jdmainct.c: In function 'start_pass_main':
../../../3rdparty/jpeg-8c/jdmainct.c:309:15: warning: 'main' is usually a function [-Wmain]
../../../3rdparty/jpeg-8c/jdmainct.c: In function 'process_data_simple_main':
../../../3rdparty/jpeg-8c/jdmainct.c:349:15: warning: 'main' is usually a function [-Wmain]
../../../3rdparty/jpeg-8c/jdmainct.c: In function 'process_data_context_main':
../../../3rdparty/jpeg-8c/jdmainct.c:389:15: warning: 'main' is usually a function [-Wmain]
../../../3rdparty/jpeg-8c/jdmainct.c: In function 'jinit_d_main_controller':
../../../3rdparty/jpeg-8c/jdmainct.c:478:15: warning: 'main' is usually a function [-Wmain]
qcc -o src/wrgif.o ../../../3rdparty/jpeg-8c/wrgif.c -V4.6.3,gcc_ntoarmv7le -w1 -I/Users/nictuku/Documents/development/zipline/moai-dev/momentics/jpeg/public -I/Applications/bbndk/target_10_0_9_1673/qnx6/usr/include/freetype2 -I/Applications/bbndk/target_10_0_9_1673/qnx6/../target-override/usr/include -D_FORTIFY_SOURCE=2 -c -O0 -g -fstack-protector-strong
qcc -o src/rdbmp.o ../../../3rdparty/jpeg-8c/rdbmp.c -V4.6.3,gcc_ntoarmv7le -w1 -I/Users/nictuku/Documents/development/zipline/moai-dev/momentics/jpeg/public -I/Applications/bbndk/target_10_0_9_1673/qnx6/usr/include/freetype2 -I/Applications/bbndk/target_10_0_9_1673/qnx6/../target-override/usr/include -D_FORTIFY_SOURCE=2 -c -O0 -g -fstack-protector-strong
qcc -o src/jerror-moai.o ../../../3rdparty/jpeg-8c/jerror-moai.c -V4.6.3,gcc_ntoarmv7le -w1 -I/Users/nictuku/Documents/development/zipline/moai-dev/momentics/jpeg/public -I/Applications/bbndk/target_10_0_9_1673/qnx6/usr/include/freetype2 -I/Applications/bbndk/target_10_0_9_1673/qnx6/../target-override/usr/include -D_FORTIFY_SOURCE=2 -c -O0 -g -fstack-protector-strong
qcc -o src/jcmaster.o ../../../3rdparty/jpeg-8c/jcmaster.c -V4.6.3,gcc_ntoarmv7le -w1 -I/Users/nictuku/Documents/development/zipline/moai-dev/momentics/jpeg/public -I/Applications/bbndk/target_10_0_9_1673/qnx6/usr/include/freetype2 -I/Applications/bbndk/target_10_0_9_1673/qnx6/../target-override/usr/include -D_FORTIFY_SOURCE=2 -c -O0 -g -fstack-protector-strong
qcc -o src/jfdctfst.o ../../../3rdparty/jpeg-8c/jfdctfst.c -V4.6.3,gcc_ntoarmv7le -w1 -I/Users/nictuku/Documents/development/zipline/moai-dev/momentics/jpeg/public -I/Applications/bbndk/target_10_0_9_1673/qnx6/usr/include/freetype2 -I/Applications/bbndk/target_10_0_9_1673/qnx6/../target-override/usr/include -D_FORTIFY_SOURCE=2 -c -O0 -g -fstack-protector-strong
qcc -o src/jdmarker.o ../../../3rdparty/jpeg-8c/jdmarker.c -V4.6.3,gcc_ntoarmv7le -w1 -I/Users/nictuku/Documents/development/zipline/moai-dev/momentics/jpeg/public -I/Applications/bbndk/target_10_0_9_1673/qnx6/usr/include/freetype2 -I/Applications/bbndk/target_10_0_9_1673/qnx6/../target-override/usr/include -D_FORTIFY_SOURCE=2 -c -O0 -g -fstack-protector-strong
qcc -o src/jcomapi.o ../../../3rdparty/jpeg-8c/jcomapi.c -V4.6.3,gcc_ntoarmv7le -w1 -I/Users/nictuku/Documents/development/zipline/moai-dev/momentics/jpeg/public -I/Applications/bbndk/target_10_0_9_1673/qnx6/usr/include/freetype2 -I/Applications/bbndk/target_10_0_9_1673/qnx6/../target-override/usr/include -D_FORTIFY_SOURCE=2 -c -O0 -g -fstack-protector-strong
qcc -o src/jcinit.o ../../../3rdparty/jpeg-8c/jcinit.c -V4.6.3,gcc_ntoarmv7le -w1 -I/Users/nictuku/Documents/development/zipline/moai-dev/momentics/jpeg/public -I/Applications/bbndk/target_10_0_9_1673/qnx6/usr/include/freetype2 -I/Applications/bbndk/target_10_0_9_1673/qnx6/../target-override/usr/include -D_FORTIFY_SOURCE=2 -c -O0 -g -fstack-protector-strong
qcc -o src/jquant1.o ../../../3rdparty/jpeg-8c/jquant1.c -V4.6.3,gcc_ntoarmv7le -w1 -I/Users/nictuku/Documents/development/zipline/moai-dev/momentics/jpeg/public -I/Applications/bbndk/target_10_0_9_1673/qnx6/usr/include/freetype2 -I/Applications/bbndk/target_10_0_9_1673/qnx6/../target-override/usr/include -D_FORTIFY_SOURCE=2 -c -O0 -g -fstack-protector-strong
qcc -o src/jdpostct.o ../../../3rdparty/jpeg-8c/jdpostct.c -V4.6.3,gcc_ntoarmv7le -w1 -I/Users/nictuku/Documents/development/zipline/moai-dev/momentics/jpeg/public -I/Applications/bbndk/target_10_0_9_1673/qnx6/usr/include/freetype2 -I/Applications/bbndk/target_10_0_9_1673/qnx6/../target-override/usr/include -D_FORTIFY_SOURCE=2 -c -O0 -g -fstack-protector-strong
qcc -o src/jmemname.o ../../../3rdparty/jpeg-8c/jmemname.c -V4.6.3,gcc_ntoarmv7le -w1 -I/Users/nictuku/Documents/development/zipline/moai-dev/momentics/jpeg/public -I/Applications/bbndk/target_10_0_9_1673/qnx6/usr/include/freetype2 -I/Applications/bbndk/target_10_0_9_1673/qnx6/../target-override/usr/include -D_FORTIFY_SOURCE=2 -c -O0 -g -fstack-protector-strong
../../../3rdparty/jpeg-8c/jmemname.c: In function 'select_file_name':
../../../3rdparty/jpeg-8c/jmemname.c:130:3: warning: implicit declaration of function 'mktemp' [-Wimplicit-function-declaration]
../../../3rdparty/jpeg-8c/jmemname.c: In function 'close_backing_store':
../../../3rdparty/jpeg-8c/jmemname.c:233:3: warning: implicit declaration of function 'unlink' [-Wimplicit-function-declaration]
qcc -o src/jcparam.o ../../../3rdparty/jpeg-8c/jcparam.c -V4.6.3,gcc_ntoarmv7le -w1 -I/Users/nictuku/Documents/development/zipline/moai-dev/momentics/jpeg/public -I/Applications/bbndk/target_10_0_9_1673/qnx6/usr/include/freetype2 -I/Applications/bbndk/target_10_0_9_1673/qnx6/../target-override/usr/include -D_FORTIFY_SOURCE=2 -c -O0 -g -fstack-protector-strong
qcc -o src/jcmainct.o ../../../3rdparty/jpeg-8c/jcmainct.c -V4.6.3,gcc_ntoarmv7le -w1 -I/Users/nictuku/Documents/development/zipline/moai-dev/momentics/jpeg/public -I/Applications/bbndk/target_10_0_9_1673/qnx6/usr/include/freetype2 -I/Applications/bbndk/target_10_0_9_1673/qnx6/../target-override/usr/include -D_FORTIFY_SOURCE=2 -c -O0 -g -fstack-protector-strong
../../../3rdparty/jpeg-8c/jcmainct.c: In function 'start_pass_main':
../../../3rdparty/jpeg-8c/jcmainct.c:71:15: warning: 'main' is usually a function [-Wmain]
../../../3rdparty/jpeg-8c/jcmainct.c: In function 'process_data_simple_main':
../../../3rdparty/jpeg-8c/jcmainct.c:117:15: warning: 'main' is usually a function [-Wmain]
../../../3rdparty/jpeg-8c/jcmainct.c: In function 'jinit_c_main_controller':
../../../3rdparty/jpeg-8c/jcmainct.c:247:15: warning: 'main' is usually a function [-Wmain]
qcc -o src/rdgif.o ../../../3rdparty/jpeg-8c/rdgif.c -V4.6.3,gcc_ntoarmv7le -w1 -I/Users/nictuku/Documents/development/zipline/moai-dev/momentics/jpeg/public -I/Applications/bbndk/target_10_0_9_1673/qnx6/usr/include/freetype2 -I/Applications/bbndk/target_10_0_9_1673/qnx6/../target-override/usr/include -D_FORTIFY_SOURCE=2 -c -O0 -g -fstack-protector-strong
../../../3rdparty/jpeg-8c/rdgif.c: In function 'jinit_read_gif':
../../../3rdparty/jpeg-8c/rdgif.c:34:3: warning: implicit declaration of function 'exit' [-Wimplicit-function-declaration]
../../../3rdparty/jpeg-8c/rdgif.c:34:3: warning: incompatible implicit declaration of built-in function 'exit' [enabled by default]
qcc -o src/jdapimin.o ../../../3rdparty/jpeg-8c/jdapimin.c -V4.6.3,gcc_ntoarmv7le -w1 -I/Users/nictuku/Documents/development/zipline/moai-dev/momentics/jpeg/public -I/Applications/bbndk/target_10_0_9_1673/qnx6/usr/include/freetype2 -I/Applications/bbndk/target_10_0_9_1673/qnx6/../target-override/usr/include -D_FORTIFY_SOURCE=2 -c -O0 -g -fstack-protector-strong
qcc -o src/jidctfst.o ../../../3rdparty/jpeg-8c/jidctfst.c -V4.6.3,gcc_ntoarmv7le -w1 -I/Users/nictuku/Documents/development/zipline/moai-dev/momentics/jpeg/public -I/Applications/bbndk/target_10_0_9_1673/qnx6/usr/include/freetype2 -I/Applications/bbndk/target_10_0_9_1673/qnx6/../target-override/usr/include -D_FORTIFY_SOURCE=2 -c -O0 -g -fstack-protector-strong
qcc -o src/rdtarga.o ../../../3rdparty/jpeg-8c/rdtarga.c -V4.6.3,gcc_ntoarmv7le -w1 -I/Users/nictuku/Documents/development/zipline/moai-dev/momentics/jpeg/public -I/Applications/bbndk/target_10_0_9_1673/qnx6/usr/include/freetype2 -I/Applications/bbndk/target_10_0_9_1673/qnx6/../target-override/usr/include -D_FORTIFY_SOURCE=2 -c -O0 -g -fstack-protector-strong
qcc -o src/jctrans.o ../../../3rdparty/jpeg-8c/jctrans.c -V4.6.3,gcc_ntoarmv7le -w1 -I/Users/nictuku/Documents/development/zipline/moai-dev/momentics/jpeg/public -I/Applications/bbndk/target_10_0_9_1673/qnx6/usr/include/freetype2 -I/Applications/bbndk/target_10_0_9_1673/qnx6/../target-override/usr/include -D_FORTIFY_SOURCE=2 -c -O0 -g -fstack-protector-strong
qcc -o src/jcsample.o ../../../3rdparty/jpeg-8c/jcsample.c -V4.6.3,gcc_ntoarmv7le -w1 -I/Users/nictuku/Documents/development/zipline/moai-dev/momentics/jpeg/public -I/Applications/bbndk/target_10_0_9_1673/qnx6/usr/include/freetype2 -I/Applications/bbndk/target_10_0_9_1673/qnx6/../target-override/usr/include -D_FORTIFY_SOURCE=2 -c -O0 -g -fstack-protector-strong
qcc -o src/wrppm.o ../../../3rdparty/jpeg-8c/wrppm.c -V4.6.3,gcc_ntoarmv7le -w1 -I/Users/nictuku/Documents/development/zipline/moai-dev/momentics/jpeg/public -I/Applications/bbndk/target_10_0_9_1673/qnx6/usr/include/freetype2 -I/Applications/bbndk/target_10_0_9_1673/qnx6/../target-override/usr/include -D_FORTIFY_SOURCE=2 -c -O0 -g -fstack-protector-strong
qcc -o src/rdrle.o ../../../3rdparty/jpeg-8c/rdrle.c -V4.6.3,gcc_ntoarmv7le -w1 -I/Users/nictuku/Documents/development/zipline/moai-dev/momentics/jpeg/public -I/Applications/bbndk/target_10_0_9_1673/qnx6/usr/include/freetype2 -I/Applications/bbndk/target_10_0_9_1673/qnx6/../target-override/usr/include -D_FORTIFY_SOURCE=2 -c -O0 -g -fstack-protector-strong
qcc -o src/rdcolmap.o ../../../3rdparty/jpeg-8c/rdcolmap.c -V4.6.3,gcc_ntoarmv7le -w1 -I/Users/nictuku/Documents/development/zipline/moai-dev/momentics/jpeg/public -I/Applications/bbndk/target_10_0_9_1673/qnx6/usr/include/freetype2 -I/Applications/bbndk/target_10_0_9_1673/qnx6/../target-override/usr/include -D_FORTIFY_SOURCE=2 -c -O0 -g -fstack-protector-strong
qcc -o src/jcmarker.o ../../../3rdparty/jpeg-8c/jcmarker.c -V4.6.3,gcc_ntoarmv7le -w1 -I/Users/nictuku/Documents/development/zipline/moai-dev/momentics/jpeg/public -I/Applications/bbndk/target_10_0_9_1673/qnx6/usr/include/freetype2 -I/Applications/bbndk/target_10_0_9_1673/qnx6/../target-override/usr/include -D_FORTIFY_SOURCE=2 -c -O0 -g -fstack-protector-strong
qcc -o src/rdswitch.o ../../../3rdparty/jpeg-8c/rdswitch.c -V4.6.3,gcc_ntoarmv7le -w1 -I/Users/nictuku/Documents/development/zipline/moai-dev/momentics/jpeg/public -I/Applications/bbndk/target_10_0_9_1673/qnx6/usr/include/freetype2 -I/Applications/bbndk/target_10_0_9_1673/qnx6/../target-override/usr/include -D_FORTIFY_SOURCE=2 -c -O0 -g -fstack-protector-strong
qcc -o src/jdsample.o ../../../3rdparty/jpeg-8c/jdsample.c -V4.6.3,gcc_ntoarmv7le -w1 -I/Users/nictuku/Documents/development/zipline/moai-dev/momentics/jpeg/public -I/Applications/bbndk/target_10_0_9_1673/qnx6/usr/include/freetype2 -I/Applications/bbndk/target_10_0_9_1673/qnx6/../target-override/usr/include -D_FORTIFY_SOURCE=2 -c -O0 -g -fstack-protector-strong
qcc -o src/jdcolor.o ../../../3rdparty/jpeg-8c/jdcolor.c -V4.6.3,gcc_ntoarmv7le -w1 -I/Users/nictuku/Documents/development/zipline/moai-dev/momentics/jpeg/public -I/Applications/bbndk/target_10_0_9_1673/qnx6/usr/include/freetype2 -I/Applications/bbndk/target_10_0_9_1673/qnx6/../target-override/usr/include -D_FORTIFY_SOURCE=2 -c -O0 -g -fstack-protector-strong
qcc -o src/jutils.o ../../../3rdparty/jpeg-8c/jutils.c -V4.6.3,gcc_ntoarmv7le -w1 -I/Users/nictuku/Documents/development/zipline/moai-dev/momentics/jpeg/public -I/Applications/bbndk/target_10_0_9_1673/qnx6/usr/include/freetype2 -I/Applications/bbndk/target_10_0_9_1673/qnx6/../target-override/usr/include -D_FORTIFY_SOURCE=2 -c -O0 -g -fstack-protector-strong
qcc -o src/wrrle.o ../../../3rdparty/jpeg-8c/wrrle.c -V4.6.3,gcc_ntoarmv7le -w1 -I/Users/nictuku/Documents/development/zipline/moai-dev/momentics/jpeg/public -I/Applications/bbndk/target_10_0_9_1673/qnx6/usr/include/freetype2 -I/Applications/bbndk/target_10_0_9_1673/qnx6/../target-override/usr/include -D_FORTIFY_SOURCE=2 -c -O0 -g -fstack-protector-strong
qcc -o src/jcapimin.o ../../../3rdparty/jpeg-8c/jcapimin.c -V4.6.3,gcc_ntoarmv7le -w1 -I/Users/nictuku/Documents/development/zipline/moai-dev/momentics/jpeg/public -I/Applications/bbndk/target_10_0_9_1673/qnx6/usr/include/freetype2 -I/Applications/bbndk/target_10_0_9_1673/qnx6/../target-override/usr/include -D_FORTIFY_SOURCE=2 -c -O0 -g -fstack-protector-strong
qcc -o src/jmemansi.o ../../../3rdparty/jpeg-8c/jmemansi.c -V4.6.3,gcc_ntoarmv7le -w1 -I/Users/nictuku/Documents/development/zipline/moai-dev/momentics/jpeg/public -I/Applications/bbndk/target_10_0_9_1673/qnx6/usr/include/freetype2 -I/Applications/bbndk/target_10_0_9_1673/qnx6/../target-override/usr/include -D_FORTIFY_SOURCE=2 -c -O0 -g -fstack-protector-strong
qcc -o src/jdhuff.o ../../../3rdparty/jpeg-8c/jdhuff.c -V4.6.3,gcc_ntoarmv7le -w1 -I/Users/nictuku/Documents/development/zipline/moai-dev/momentics/jpeg/public -I/Applications/bbndk/target_10_0_9_1673/qnx6/usr/include/freetype2 -I/Applications/bbndk/target_10_0_9_1673/qnx6/../target-override/usr/include -D_FORTIFY_SOURCE=2 -c -O0 -g -fstack-protector-strong
qcc -o src/jdmerge.o ../../../3rdparty/jpeg-8c/jdmerge.c -V4.6.3,gcc_ntoarmv7le -w1 -I/Users/nictuku/Documents/development/zipline/moai-dev/momentics/jpeg/public -I/Applications/bbndk/target_10_0_9_1673/qnx6/usr/include/freetype2 -I/Applications/bbndk/target_10_0_9_1673/qnx6/../target-override/usr/include -D_FORTIFY_SOURCE=2 -c -O0 -g -fstack-protector-strong
qcc -o src/jdtrans.o ../../../3rdparty/jpeg-8c/jdtrans.c -V4.6.3,gcc_ntoarmv7le -w1 -I/Users/nictuku/Documents/development/zipline/moai-dev/momentics/jpeg/public -I/Applications/bbndk/target_10_0_9_1673/qnx6/usr/include/freetype2 -I/Applications/bbndk/target_10_0_9_1673/qnx6/../target-override/usr/include -D_FORTIFY_SOURCE=2 -c -O0 -g -fstack-protector-strong
qcc -o src/jdmaster.o ../../../3rdparty/jpeg-8c/jdmaster.c -V4.6.3,gcc_ntoarmv7le -w1 -I/Users/nictuku/Documents/development/zipline/moai-dev/momentics/jpeg/public -I/Applications/bbndk/target_10_0_9_1673/qnx6/usr/include/freetype2 -I/Applications/bbndk/target_10_0_9_1673/qnx6/../target-override/usr/include -D_FORTIFY_SOURCE=2 -c -O0 -g -fstack-protector-strong
qcc -o src/jmemmgr.o ../../../3rdparty/jpeg-8c/jmemmgr.c -V4.6.3,gcc_ntoarmv7le -w1 -I/Users/nictuku/Documents/development/zipline/moai-dev/momentics/jpeg/public -I/Applications/bbndk/target_10_0_9_1673/qnx6/usr/include/freetype2 -I/Applications/bbndk/target_10_0_9_1673/qnx6/../target-override/usr/include -D_FORTIFY_SOURCE=2 -c -O0 -g -fstack-protector-strong
qcc -o src/jdinput.o ../../../3rdparty/jpeg-8c/jdinput.c -V4.6.3,gcc_ntoarmv7le -w1 -I/Users/nictuku/Documents/development/zipline/moai-dev/momentics/jpeg/public -I/Applications/bbndk/target_10_0_9_1673/qnx6/usr/include/freetype2 -I/Applications/bbndk/target_10_0_9_1673/qnx6/../target-override/usr/include -D_FORTIFY_SOURCE=2 -c -O0 -g -fstack-protector-strong
qcc -o src/jddctmgr.o ../../../3rdparty/jpeg-8c/jddctmgr.c -V4.6.3,gcc_ntoarmv7le -w1 -I/Users/nictuku/Documents/development/zipline/moai-dev/momentics/jpeg/public -I/Applications/bbndk/target_10_0_9_1673/qnx6/usr/include/freetype2 -I/Applications/bbndk/target_10_0_9_1673/qnx6/../target-override/usr/include -D_FORTIFY_SOURCE=2 -c -O0 -g -fstack-protector-strong
qcc -o src/jdarith.o ../../../3rdparty/jpeg-8c/jdarith.c -V4.6.3,gcc_ntoarmv7le -w1 -I/Users/nictuku/Documents/development/zipline/moai-dev/momentics/jpeg/public -I/Applications/bbndk/target_10_0_9_1673/qnx6/usr/include/freetype2 -I/Applications/bbndk/target_10_0_9_1673/qnx6/../target-override/usr/include -D_FORTIFY_SOURCE=2 -c -O0 -g -fstack-protector-strong
qcc -o src/jcdctmgr.o ../../../3rdparty/jpeg-8c/jcdctmgr.c -V4.6.3,gcc_ntoarmv7le -w1 -I/Users/nictuku/Documents/development/zipline/moai-dev/momentics/jpeg/public -I/Applications/bbndk/target_10_0_9_1673/qnx6/usr/include/freetype2 -I/Applications/bbndk/target_10_0_9_1673/qnx6/../target-override/usr/include -D_FORTIFY_SOURCE=2 -c -O0 -g -fstack-protector-strong
qcc -o src/jfdctint.o ../../../3rdparty/jpeg-8c/jfdctint.c -V4.6.3,gcc_ntoarmv7le -w1 -I/Users/nictuku/Documents/development/zipline/moai-dev/momentics/jpeg/public -I/Applications/bbndk/target_10_0_9_1673/qnx6/usr/include/freetype2 -I/Applications/bbndk/target_10_0_9_1673/qnx6/../target-override/usr/include -D_FORTIFY_SOURCE=2 -c -O0 -g -fstack-protector-strong
qcc -o src/jchuff.o ../../../3rdparty/jpeg-8c/jchuff.c -V4.6.3,gcc_ntoarmv7le -w1 -I/Users/nictuku/Documents/development/zipline/moai-dev/momentics/jpeg/public -I/Applications/bbndk/target_10_0_9_1673/qnx6/usr/include/freetype2 -I/Applications/bbndk/target_10_0_9_1673/qnx6/../target-override/usr/include -D_FORTIFY_SOURCE=2 -c -O0 -g -fstack-protector-strong
qcc -o src/jccolor.o ../../../3rdparty/jpeg-8c/jccolor.c -V4.6.3,gcc_ntoarmv7le -w1 -I/Users/nictuku/Documents/development/zipline/moai-dev/momentics/jpeg/public -I/Applications/bbndk/target_10_0_9_1673/qnx6/usr/include/freetype2 -I/Applications/bbndk/target_10_0_9_1673/qnx6/../target-override/usr/include -D_FORTIFY_SOURCE=2 -c -O0 -g -fstack-protector-strong
qcc -A libjpeg.a src/wrtarga.o src/wrrle.o src/wrppm.o src/wrgif.o src/wrbmp.o src/transupp.o src/rdtarga.o src/rdswitch.o src/rdrle.o src/rdppm.o src/rdgif.o src/rdcolmap.o src/rdbmp.o src/jutils.o src/jquant2.o src/jquant1.o src/jmemnobs.o src/jmemname.o src/jmemmgr.o src/jmemansi.o src/jidctint.o src/jidctfst.o src/jidctflt.o src/jfdctint.o src/jfdctfst.o src/jfdctflt.o src/jerror.o src/jerror-moai.o src/jdtrans.o src/jdsample.o src/jdpostct.o src/jdmerge.o src/jdmaster.o src/jdmarker.o src/jdmainct.o src/jdinput.o src/jdhuff.o src/jddctmgr.o src/jdcolor.o src/jdcoefct.o src/jdatasrc.o src/jdatadst.o src/jdarith.o src/jdapistd.o src/jdapimin.o src/jctrans.o src/jcsample.o src/jcprepct.o src/jcparam.o src/jcomapi.o src/jcmaster.o src/jcmarker.o src/jcmainct.o src/jcinit.o src/jchuff.o src/jcdctmgr.o src/jccolor.o src/jccoefct.o src/jcarith.o src/jcapistd.o src/jcapimin.o src/jaricom.o src/cdjpeg.o -V4.6.3,gcc_ntoarmv7le -w1
/Applications/bbndk/host_10_0_9_404/darwin/x86/usr/bin/ntoarm-ar: creating libjpeg.a
Build complete for project jpeg
Time consumed: 9583  ms.  
