
**** Rebuild of configuration Device-Debug for project uslscore ****

**** Internal Builder is used for build               ****
qcc -o src/USLexStream.o ../../../src/uslscore/USLexStream.cpp -V4.6.3,gcc_ntoarmv7le_cpp -w1 -I../uslscore/public -I/Applications/bbndk/target_10_0_9_1673/qnx6/usr/include/freetype2 -I/Applications/bbndk/target_10_0_9_1673/target-override/usr/include -I/Users/nictuku/Documents/development/zipline/moai-dev/3rdparty/lua-5.1.3/src -I/Users/nictuku/Documents/development/zipline/moai-dev/src/ -I/Users/nictuku/Documents/development/zipline/moai-dev/3rdparty/ -I/Users/nictuku/Documents/development/zipline/moai-dev/3rdparty/ooid-0.99/ -D_FORTIFY_SOURCE=2 -c -O0 -g -fstack-protector-strong
In file included from /Users/nictuku/Documents/development/zipline/moai-dev/src/uslscore/USStream.h:7:0,
                 from /Users/nictuku/Documents/development/zipline/moai-dev/src/uslscore/USLexStream.h:8,
                 from ../../../src/uslscore/USLexStream.cpp:5:
/Users/nictuku/Documents/development/zipline/moai-dev/src/uslscore/STLString.h:46:8: note: the mangling of 'va_list' has changed in GCC 4.4
qcc -o src/USUnique_linux.o ../../../src/uslscore/USUnique_linux.cpp -V4.6.3,gcc_ntoarmv7le_cpp -w1 -I../uslscore/public -I/Applications/bbndk/target_10_0_9_1673/qnx6/usr/include/freetype2 -I/Applications/bbndk/target_10_0_9_1673/target-override/usr/include -I/Users/nictuku/Documents/development/zipline/moai-dev/3rdparty/lua-5.1.3/src -I/Users/nictuku/Documents/development/zipline/moai-dev/src/ -I/Users/nictuku/Documents/development/zipline/moai-dev/3rdparty/ -I/Users/nictuku/Documents/development/zipline/moai-dev/3rdparty/ooid-0.99/ -D_FORTIFY_SOURCE=2 -c -O0 -g -fstack-protector-strong
In file included from /Users/nictuku/Documents/development/zipline/moai-dev/src/uslscore/USUnique.h:7:0,
                 from ../../../src/uslscore/USUnique_linux.cpp:7:
/Users/nictuku/Documents/development/zipline/moai-dev/src/uslscore/STLString.h:46:8: note: the mangling of 'va_list' has changed in GCC 4.4
qcc -o src/USHashWriter.o ../../../src/uslscore/USHashWriter.cpp -V4.6.3,gcc_ntoarmv7le_cpp -w1 -I../uslscore/public -I/Applications/bbndk/target_10_0_9_1673/qnx6/usr/include/freetype2 -I/Applications/bbndk/target_10_0_9_1673/target-override/usr/include -I/Users/nictuku/Documents/development/zipline/moai-dev/3rdparty/lua-5.1.3/src -I/Users/nictuku/Documents/development/zipline/moai-dev/src/ -I/Users/nictuku/Documents/development/zipline/moai-dev/3rdparty/ -I/Users/nictuku/Documents/development/zipline/moai-dev/3rdparty/ooid-0.99/ -D_FORTIFY_SOURCE=2 -c -O0 -g -fstack-protector-strong
In file included from /Users/nictuku/Documents/development/zipline/moai-dev/src/uslscore/USStream.h:7:0,
                 from /Users/nictuku/Documents/development/zipline/moai-dev/src/uslscore/USStreamWriter.h:7,
                 from /Users/nictuku/Documents/development/zipline/moai-dev/src/uslscore/USHashWriter.h:7,
                 from ../../../src/uslscore/USHashWriter.cpp:5:
/Users/nictuku/Documents/development/zipline/moai-dev/src/uslscore/STLString.h:46:8: note: the mangling of 'va_list' has changed in GCC 4.4
qcc -o src/USAdapterInfo_posix.o ../../../src/uslscore/USAdapterInfo_posix.cpp -V4.6.3,gcc_ntoarmv7le_cpp -w1 -I../uslscore/public -I/Applications/bbndk/target_10_0_9_1673/qnx6/usr/include/freetype2 -I/Applications/bbndk/target_10_0_9_1673/target-override/usr/include -I/Users/nictuku/Documents/development/zipline/moai-dev/3rdparty/lua-5.1.3/src -I/Users/nictuku/Documents/development/zipline/moai-dev/src/ -I/Users/nictuku/Documents/development/zipline/moai-dev/3rdparty/ -I/Users/nictuku/Documents/development/zipline/moai-dev/3rdparty/ooid-0.99/ -D_FORTIFY_SOURCE=2 -c -O0 -g -fstack-protector-strong
In file included from /Users/nictuku/Documents/development/zipline/moai-dev/src/uslscore/USAdapterInfo.h:6:0,
                 from ../../../src/uslscore/USAdapterInfo_posix.cpp:30:
/Users/nictuku/Documents/development/zipline/moai-dev/src/uslscore/STLString.h:46:8: note: the mangling of 'va_list' has changed in GCC 4.4
qcc -o src/USHashWriterAdler32.o ../../../src/uslscore/USHashWriterAdler32.cpp -V4.6.3,gcc_ntoarmv7le_cpp -w1 -I../uslscore/public -I/Applications/bbndk/target_10_0_9_1673/qnx6/usr/include/freetype2 -I/Applications/bbndk/target_10_0_9_1673/target-override/usr/include -I/Users/nictuku/Documents/development/zipline/moai-dev/3rdparty/lua-5.1.3/src -I/Users/nictuku/Documents/development/zipline/moai-dev/src/ -I/Users/nictuku/Documents/development/zipline/moai-dev/3rdparty/ -I/Users/nictuku/Documents/development/zipline/moai-dev/3rdparty/ooid-0.99/ -D_FORTIFY_SOURCE=2 -c -O0 -g -fstack-protector-strong
In file included from /Users/nictuku/Documents/development/zipline/moai-dev/src/uslscore/USStream.h:7:0,
                 from /Users/nictuku/Documents/development/zipline/moai-dev/src/uslscore/USStreamWriter.h:7,
                 from /Users/nictuku/Documents/development/zipline/moai-dev/src/uslscore/USHashWriter.h:7,
                 from /Users/nictuku/Documents/development/zipline/moai-dev/src/uslscore/USHashWriterAdler32.h:7,
                 from ../../../src/uslscore/USHashWriterAdler32.cpp:6:
/Users/nictuku/Documents/development/zipline/moai-dev/src/uslscore/STLString.h:46:8: note: the mangling of 'va_list' has changed in GCC 4.4
qcc -o src/USSyntaxScanner.o ../../../src/uslscore/USSyntaxScanner.cpp -V4.6.3,gcc_ntoarmv7le_cpp -w1 -I../uslscore/public -I/Applications/bbndk/target_10_0_9_1673/qnx6/usr/include/freetype2 -I/Applications/bbndk/target_10_0_9_1673/target-override/usr/include -I/Users/nictuku/Documents/development/zipline/moai-dev/3rdparty/lua-5.1.3/src -I/Users/nictuku/Documents/development/zipline/moai-dev/src/ -I/Users/nictuku/Documents/development/zipline/moai-dev/3rdparty/ -I/Users/nictuku/Documents/development/zipline/moai-dev/3rdparty/ooid-0.99/ -D_FORTIFY_SOURCE=2 -c -O0 -g -fstack-protector-strong
In file included from /Users/nictuku/Documents/development/zipline/moai-dev/src/uslscore/USSyntaxNode.h:8:0,
                 from ../../../src/uslscore/USSyntaxScanner.cpp:5:
/Users/nictuku/Documents/development/zipline/moai-dev/src/uslscore/STLString.h:46:8: note: the mangling of 'va_list' has changed in GCC 4.4
qcc -o src/USHexDump.o ../../../src/uslscore/USHexDump.cpp -V4.6.3,gcc_ntoarmv7le_cpp -w1 -I../uslscore/public -I/Applications/bbndk/target_10_0_9_1673/qnx6/usr/include/freetype2 -I/Applications/bbndk/target_10_0_9_1673/target-override/usr/include -I/Users/nictuku/Documents/development/zipline/moai-dev/3rdparty/lua-5.1.3/src -I/Users/nictuku/Documents/development/zipline/moai-dev/src/ -I/Users/nictuku/Documents/development/zipline/moai-dev/3rdparty/ -I/Users/nictuku/Documents/development/zipline/moai-dev/3rdparty/ooid-0.99/ -D_FORTIFY_SOURCE=2 -c -O0 -g -fstack-protector-strong
In file included from /Users/nictuku/Documents/development/zipline/moai-dev/src/uslscore/USStream.h:7:0,
                 from ../../../src/uslscore/USHexDump.cpp:6:
/Users/nictuku/Documents/development/zipline/moai-dev/src/uslscore/STLString.h:46:8: note: the mangling of 'va_list' has changed in GCC 4.4
qcc -o src/USHashWriterSHA256.o ../../../src/uslscore/USHashWriterSHA256.cpp -V4.6.3,gcc_ntoarmv7le_cpp -w1 -I../uslscore/public -I/Applications/bbndk/target_10_0_9_1673/qnx6/usr/include/freetype2 -I/Applications/bbndk/target_10_0_9_1673/target-override/usr/include -I/Users/nictuku/Documents/development/zipline/moai-dev/3rdparty/lua-5.1.3/src -I/Users/nictuku/Documents/development/zipline/moai-dev/src/ -I/Users/nictuku/Documents/development/zipline/moai-dev/3rdparty/ -I/Users/nictuku/Documents/development/zipline/moai-dev/3rdparty/ooid-0.99/ -D_FORTIFY_SOURCE=2 -c -O0 -g -fstack-protector-strong
In file included from /Users/nictuku/Documents/development/zipline/moai-dev/src/uslscore/USStream.h:7:0,
                 from /Users/nictuku/Documents/development/zipline/moai-dev/src/uslscore/USStreamWriter.h:7,
                 from /Users/nictuku/Documents/development/zipline/moai-dev/src/uslscore/USHashWriter.h:7,
                 from /Users/nictuku/Documents/development/zipline/moai-dev/src/uslscore/USHashWriterSHA256.h:7,
                 from ../../../src/uslscore/USHashWriterSHA256.cpp:6:
/Users/nictuku/Documents/development/zipline/moai-dev/src/uslscore/STLString.h:46:8: note: the mangling of 'va_list' has changed in GCC 4.4
qcc -o src/USColor.o ../../../src/uslscore/USColor.cpp -V4.6.3,gcc_ntoarmv7le_cpp -w1 -I../uslscore/public -I/Applications/bbndk/target_10_0_9_1673/qnx6/usr/include/freetype2 -I/Applications/bbndk/target_10_0_9_1673/target-override/usr/include -I/Users/nictuku/Documents/development/zipline/moai-dev/3rdparty/lua-5.1.3/src -I/Users/nictuku/Documents/development/zipline/moai-dev/src/ -I/Users/nictuku/Documents/development/zipline/moai-dev/3rdparty/ -I/Users/nictuku/Documents/development/zipline/moai-dev/3rdparty/ooid-0.99/ -D_FORTIFY_SOURCE=2 -c -O0 -g -fstack-protector-strong
qcc -o src/USHashWriterSHA224.o ../../../src/uslscore/USHashWriterSHA224.cpp -V4.6.3,gcc_ntoarmv7le_cpp -w1 -I../uslscore/public -I/Applications/bbndk/target_10_0_9_1673/qnx6/usr/include/freetype2 -I/Applications/bbndk/target_10_0_9_1673/target-override/usr/include -I/Users/nictuku/Documents/development/zipline/moai-dev/3rdparty/lua-5.1.3/src -I/Users/nictuku/Documents/development/zipline/moai-dev/src/ -I/Users/nictuku/Documents/development/zipline/moai-dev/3rdparty/ -I/Users/nictuku/Documents/development/zipline/moai-dev/3rdparty/ooid-0.99/ -D_FORTIFY_SOURCE=2 -c -O0 -g -fstack-protector-strong
In file included from /Users/nictuku/Documents/development/zipline/moai-dev/src/uslscore/USStream.h:7:0,
                 from /Users/nictuku/Documents/development/zipline/moai-dev/src/uslscore/USStreamWriter.h:7,
                 from /Users/nictuku/Documents/development/zipline/moai-dev/src/uslscore/USHashWriter.h:7,
                 from /Users/nictuku/Documents/development/zipline/moai-dev/src/uslscore/USHashWriterSHA224.h:7,
                 from ../../../src/uslscore/USHashWriterSHA224.cpp:6:
/Users/nictuku/Documents/development/zipline/moai-dev/src/uslscore/STLString.h:46:8: note: the mangling of 'va_list' has changed in GCC 4.4
qcc -o src/USDeflateWriter.o ../../../src/uslscore/USDeflateWriter.cpp -V4.6.3,gcc_ntoarmv7le_cpp -w1 -I../uslscore/public -I/Applications/bbndk/target_10_0_9_1673/qnx6/usr/include/freetype2 -I/Applications/bbndk/target_10_0_9_1673/target-override/usr/include -I/Users/nictuku/Documents/development/zipline/moai-dev/3rdparty/lua-5.1.3/src -I/Users/nictuku/Documents/development/zipline/moai-dev/src/ -I/Users/nictuku/Documents/development/zipline/moai-dev/3rdparty/ -I/Users/nictuku/Documents/development/zipline/moai-dev/3rdparty/ooid-0.99/ -D_FORTIFY_SOURCE=2 -c -O0 -g -fstack-protector-strong
In file included from /Users/nictuku/Documents/development/zipline/moai-dev/src/uslscore/USStream.h:7:0,
                 from /Users/nictuku/Documents/development/zipline/moai-dev/src/uslscore/USStreamWriter.h:7,
                 from /Users/nictuku/Documents/development/zipline/moai-dev/src/uslscore/USDeflateWriter.h:8,
                 from ../../../src/uslscore/USDeflateWriter.cpp:5:
/Users/nictuku/Documents/development/zipline/moai-dev/src/uslscore/STLString.h:46:8: note: the mangling of 'va_list' has changed in GCC 4.4
qcc -o src/USHashWriterWhirlpool.o ../../../src/uslscore/USHashWriterWhirlpool.cpp -V4.6.3,gcc_ntoarmv7le_cpp -w1 -I../uslscore/public -I/Applications/bbndk/target_10_0_9_1673/qnx6/usr/include/freetype2 -I/Applications/bbndk/target_10_0_9_1673/target-override/usr/include -I/Users/nictuku/Documents/development/zipline/moai-dev/3rdparty/lua-5.1.3/src -I/Users/nictuku/Documents/development/zipline/moai-dev/src/ -I/Users/nictuku/Documents/development/zipline/moai-dev/3rdparty/ -I/Users/nictuku/Documents/development/zipline/moai-dev/3rdparty/ooid-0.99/ -D_FORTIFY_SOURCE=2 -c -O0 -g -fstack-protector-strong
In file included from /Users/nictuku/Documents/development/zipline/moai-dev/src/uslscore/USStream.h:7:0,
                 from /Users/nictuku/Documents/development/zipline/moai-dev/src/uslscore/USStreamWriter.h:7,
                 from /Users/nictuku/Documents/development/zipline/moai-dev/src/uslscore/USHashWriter.h:7,
                 from /Users/nictuku/Documents/development/zipline/moai-dev/src/uslscore/USHashWriterWhirlpool.h:7,
                 from ../../../src/uslscore/USHashWriterWhirlpool.cpp:5:
/Users/nictuku/Documents/development/zipline/moai-dev/src/uslscore/STLString.h:46:8: note: the mangling of 'va_list' has changed in GCC 4.4
qcc -o src/USStreamWriter.o ../../../src/uslscore/USStreamWriter.cpp -V4.6.3,gcc_ntoarmv7le_cpp -w1 -I../uslscore/public -I/Applications/bbndk/target_10_0_9_1673/qnx6/usr/include/freetype2 -I/Applications/bbndk/target_10_0_9_1673/target-override/usr/include -I/Users/nictuku/Documents/development/zipline/moai-dev/3rdparty/lua-5.1.3/src -I/Users/nictuku/Documents/development/zipline/moai-dev/src/ -I/Users/nictuku/Documents/development/zipline/moai-dev/3rdparty/ -I/Users/nictuku/Documents/development/zipline/moai-dev/3rdparty/ooid-0.99/ -D_FORTIFY_SOURCE=2 -c -O0 -g -fstack-protector-strong
In file included from /Users/nictuku/Documents/development/zipline/moai-dev/src/uslscore/USStream.h:7:0,
                 from /Users/nictuku/Documents/development/zipline/moai-dev/src/uslscore/USStreamWriter.h:7,
                 from ../../../src/uslscore/USStreamWriter.cpp:5:
/Users/nictuku/Documents/development/zipline/moai-dev/src/uslscore/STLString.h:46:8: note: the mangling of 'va_list' has changed in GCC 4.4
qcc -o src/USStreamReader.o ../../../src/uslscore/USStreamReader.cpp -V4.6.3,gcc_ntoarmv7le_cpp -w1 -I../uslscore/public -I/Applications/bbndk/target_10_0_9_1673/qnx6/usr/include/freetype2 -I/Applications/bbndk/target_10_0_9_1673/target-override/usr/include -I/Users/nictuku/Documents/development/zipline/moai-dev/3rdparty/lua-5.1.3/src -I/Users/nictuku/Documents/development/zipline/moai-dev/src/ -I/Users/nictuku/Documents/development/zipline/moai-dev/3rdparty/ -I/Users/nictuku/Documents/development/zipline/moai-dev/3rdparty/ooid-0.99/ -D_FORTIFY_SOURCE=2 -c -O0 -g -fstack-protector-strong
In file included from /Users/nictuku/Documents/development/zipline/moai-dev/src/uslscore/USStream.h:7:0,
                 from /Users/nictuku/Documents/development/zipline/moai-dev/src/uslscore/USStreamReader.h:7,
                 from ../../../src/uslscore/USStreamReader.cpp:5:
/Users/nictuku/Documents/development/zipline/moai-dev/src/uslscore/STLString.h:46:8: note: the mangling of 'va_list' has changed in GCC 4.4
qcc -o src/USStream.o ../../../src/uslscore/USStream.cpp -V4.6.3,gcc_ntoarmv7le_cpp -w1 -I../uslscore/public -I/Applications/bbndk/target_10_0_9_1673/qnx6/usr/include/freetype2 -I/Applications/bbndk/target_10_0_9_1673/target-override/usr/include -I/Users/nictuku/Documents/development/zipline/moai-dev/3rdparty/lua-5.1.3/src -I/Users/nictuku/Documents/development/zipline/moai-dev/src/ -I/Users/nictuku/Documents/development/zipline/moai-dev/3rdparty/ -I/Users/nictuku/Documents/development/zipline/moai-dev/3rdparty/ooid-0.99/ -D_FORTIFY_SOURCE=2 -c -O0 -g -fstack-protector-strong
../../../src/uslscore/USStream.cpp: In member function 'std::size_t USStream::Print(cc8*, std::va_list)':
../../../src/uslscore/USStream.cpp:52:8: note: the mangling of 'va_list' has changed in GCC 4.4
qcc -o src/USLog.o ../../../src/uslscore/USLog.cpp -V4.6.3,gcc_ntoarmv7le_cpp -w1 -I../uslscore/public -I/Applications/bbndk/target_10_0_9_1673/qnx6/usr/include/freetype2 -I/Applications/bbndk/target_10_0_9_1673/target-override/usr/include -I/Users/nictuku/Documents/development/zipline/moai-dev/3rdparty/lua-5.1.3/src -I/Users/nictuku/Documents/development/zipline/moai-dev/src/ -I/Users/nictuku/Documents/development/zipline/moai-dev/3rdparty/ -I/Users/nictuku/Documents/development/zipline/moai-dev/3rdparty/ooid-0.99/ -D_FORTIFY_SOURCE=2 -c -O0 -g -fstack-protector-strong
qcc -o src/uslscore-pch.o ../../../src/uslscore/uslscore-pch.cpp -V4.6.3,gcc_ntoarmv7le_cpp -w1 -I../uslscore/public -I/Applications/bbndk/target_10_0_9_1673/qnx6/usr/include/freetype2 -I/Applications/bbndk/target_10_0_9_1673/target-override/usr/include -I/Users/nictuku/Documents/development/zipline/moai-dev/3rdparty/lua-5.1.3/src -I/Users/nictuku/Documents/development/zipline/moai-dev/src/ -I/Users/nictuku/Documents/development/zipline/moai-dev/3rdparty/ -I/Users/nictuku/Documents/development/zipline/moai-dev/3rdparty/ooid-0.99/ -D_FORTIFY_SOURCE=2 -c -O0 -g -fstack-protector-strong
qcc -o src/USZip.o ../../../src/uslscore/USZip.cpp -V4.6.3,gcc_ntoarmv7le_cpp -w1 -I../uslscore/public -I/Applications/bbndk/target_10_0_9_1673/qnx6/usr/include/freetype2 -I/Applications/bbndk/target_10_0_9_1673/target-override/usr/include -I/Users/nictuku/Documents/development/zipline/moai-dev/3rdparty/lua-5.1.3/src -I/Users/nictuku/Documents/development/zipline/moai-dev/src/ -I/Users/nictuku/Documents/development/zipline/moai-dev/3rdparty/ -I/Users/nictuku/Documents/development/zipline/moai-dev/3rdparty/ooid-0.99/ -D_FORTIFY_SOURCE=2 -c -O0 -g -fstack-protector-strong
In file included from /Users/nictuku/Documents/development/zipline/moai-dev/src/uslscore/USStream.h:7:0,
                 from /Users/nictuku/Documents/development/zipline/moai-dev/src/uslscore/USByteStream.h:7,
                 from ../../../src/uslscore/USZip.cpp:12:
/Users/nictuku/Documents/development/zipline/moai-dev/src/uslscore/STLString.h:46:8: note: the mangling of 'va_list' has changed in GCC 4.4
qcc -o src/USMemStream.o ../../../src/uslscore/USMemStream.cpp -V4.6.3,gcc_ntoarmv7le_cpp -w1 -I../uslscore/public -I/Applications/bbndk/target_10_0_9_1673/qnx6/usr/include/freetype2 -I/Applications/bbndk/target_10_0_9_1673/target-override/usr/include -I/Users/nictuku/Documents/development/zipline/moai-dev/3rdparty/lua-5.1.3/src -I/Users/nictuku/Documents/development/zipline/moai-dev/src/ -I/Users/nictuku/Documents/development/zipline/moai-dev/3rdparty/ -I/Users/nictuku/Documents/development/zipline/moai-dev/3rdparty/ooid-0.99/ -D_FORTIFY_SOURCE=2 -c -O0 -g -fstack-protector-strong
In file included from /Users/nictuku/Documents/development/zipline/moai-dev/src/uslscore/USFileSys.h:7:0,
                 from ../../../src/uslscore/USMemStream.cpp:6:
/Users/nictuku/Documents/development/zipline/moai-dev/src/uslscore/STLString.h:46:8: note: the mangling of 'va_list' has changed in GCC 4.4
qcc -o src/USDirectoryItr.o ../../../src/uslscore/USDirectoryItr.cpp -V4.6.3,gcc_ntoarmv7le_cpp -w1 -I../uslscore/public -I/Applications/bbndk/target_10_0_9_1673/qnx6/usr/include/freetype2 -I/Applications/bbndk/target_10_0_9_1673/target-override/usr/include -I/Users/nictuku/Documents/development/zipline/moai-dev/3rdparty/lua-5.1.3/src -I/Users/nictuku/Documents/development/zipline/moai-dev/src/ -I/Users/nictuku/Documents/development/zipline/moai-dev/3rdparty/ -I/Users/nictuku/Documents/development/zipline/moai-dev/3rdparty/ooid-0.99/ -D_FORTIFY_SOURCE=2 -c -O0 -g -fstack-protector-strong
In file included from /Users/nictuku/Documents/development/zipline/moai-dev/src/uslscore/USFileSys.h:7:0,
                 from ../../../src/uslscore/USDirectoryItr.cpp:5:
/Users/nictuku/Documents/development/zipline/moai-dev/src/uslscore/STLString.h:46:8: note: the mangling of 'va_list' has changed in GCC 4.4
qcc -o src/USIntersect.o ../../../src/uslscore/USIntersect.cpp -V4.6.3,gcc_ntoarmv7le_cpp -w1 -I../uslscore/public -I/Applications/bbndk/target_10_0_9_1673/qnx6/usr/include/freetype2 -I/Applications/bbndk/target_10_0_9_1673/target-override/usr/include -I/Users/nictuku/Documents/development/zipline/moai-dev/3rdparty/lua-5.1.3/src -I/Users/nictuku/Documents/development/zipline/moai-dev/src/ -I/Users/nictuku/Documents/development/zipline/moai-dev/3rdparty/ -I/Users/nictuku/Documents/development/zipline/moai-dev/3rdparty/ooid-0.99/ -D_FORTIFY_SOURCE=2 -c -O0 -g -fstack-protector-strong
qcc -o src/USBase64Encoder.o ../../../src/uslscore/USBase64Encoder.cpp -V4.6.3,gcc_ntoarmv7le_cpp -w1 -I../uslscore/public -I/Applications/bbndk/target_10_0_9_1673/qnx6/usr/include/freetype2 -I/Applications/bbndk/target_10_0_9_1673/target-override/usr/include -I/Users/nictuku/Documents/development/zipline/moai-dev/3rdparty/lua-5.1.3/src -I/Users/nictuku/Documents/development/zipline/moai-dev/src/ -I/Users/nictuku/Documents/development/zipline/moai-dev/3rdparty/ -I/Users/nictuku/Documents/development/zipline/moai-dev/3rdparty/ooid-0.99/ -D_FORTIFY_SOURCE=2 -c -O0 -g -fstack-protector-strong
qcc -o src/USFrustum.o ../../../src/uslscore/USFrustum.cpp -V4.6.3,gcc_ntoarmv7le_cpp -w1 -I../uslscore/public -I/Applications/bbndk/target_10_0_9_1673/qnx6/usr/include/freetype2 -I/Applications/bbndk/target_10_0_9_1673/target-override/usr/include -I/Users/nictuku/Documents/development/zipline/moai-dev/3rdparty/lua-5.1.3/src -I/Users/nictuku/Documents/development/zipline/moai-dev/src/ -I/Users/nictuku/Documents/development/zipline/moai-dev/3rdparty/ -I/Users/nictuku/Documents/development/zipline/moai-dev/3rdparty/ooid-0.99/ -D_FORTIFY_SOURCE=2 -c -O0 -g -fstack-protector-strong
qcc -o src/USFileStream.o ../../../src/uslscore/USFileStream.cpp -V4.6.3,gcc_ntoarmv7le_cpp -w1 -I../uslscore/public -I/Applications/bbndk/target_10_0_9_1673/qnx6/usr/include/freetype2 -I/Applications/bbndk/target_10_0_9_1673/target-override/usr/include -I/Users/nictuku/Documents/development/zipline/moai-dev/3rdparty/lua-5.1.3/src -I/Users/nictuku/Documents/development/zipline/moai-dev/src/ -I/Users/nictuku/Documents/development/zipline/moai-dev/3rdparty/ -I/Users/nictuku/Documents/development/zipline/moai-dev/3rdparty/ooid-0.99/ -D_FORTIFY_SOURCE=2 -c -O0 -g -fstack-protector-strong
In file included from /Users/nictuku/Documents/development/zipline/moai-dev/src/uslscore/USFileSys.h:7:0,
                 from ../../../src/uslscore/USFileStream.cpp:6:
/Users/nictuku/Documents/development/zipline/moai-dev/src/uslscore/STLString.h:46:8: note: the mangling of 'va_list' has changed in GCC 4.4
qcc -o src/USZipFile.o ../../../src/uslscore/USZipFile.cpp -V4.6.3,gcc_ntoarmv7le_cpp -w1 -I../uslscore/public -I/Applications/bbndk/target_10_0_9_1673/qnx6/usr/include/freetype2 -I/Applications/bbndk/target_10_0_9_1673/target-override/usr/include -I/Users/nictuku/Documents/development/zipline/moai-dev/3rdparty/lua-5.1.3/src -I/Users/nictuku/Documents/development/zipline/moai-dev/src/ -I/Users/nictuku/Documents/development/zipline/moai-dev/3rdparty/ -I/Users/nictuku/Documents/development/zipline/moai-dev/3rdparty/ooid-0.99/ -D_FORTIFY_SOURCE=2 -c -O0 -g -fstack-protector-strong
In file included from /Users/nictuku/Documents/development/zipline/moai-dev/src/uslscore/USStream.h:7:0,
                 from /Users/nictuku/Documents/development/zipline/moai-dev/src/uslscore/USFileStream.h:7,
                 from ../../../src/uslscore/USZipFile.cpp:10:
/Users/nictuku/Documents/development/zipline/moai-dev/src/uslscore/STLString.h:46:8: note: the mangling of 'va_list' has changed in GCC 4.4
qcc -o src/USSurface2D.o ../../../src/uslscore/USSurface2D.cpp -V4.6.3,gcc_ntoarmv7le_cpp -w1 -I../uslscore/public -I/Applications/bbndk/target_10_0_9_1673/qnx6/usr/include/freetype2 -I/Applications/bbndk/target_10_0_9_1673/target-override/usr/include -I/Users/nictuku/Documents/development/zipline/moai-dev/3rdparty/lua-5.1.3/src -I/Users/nictuku/Documents/development/zipline/moai-dev/src/ -I/Users/nictuku/Documents/development/zipline/moai-dev/3rdparty/ -I/Users/nictuku/Documents/development/zipline/moai-dev/3rdparty/ooid-0.99/ -D_FORTIFY_SOURCE=2 -c -O0 -g -fstack-protector-strong
qcc -o src/USQuad.o ../../../src/uslscore/USQuad.cpp -V4.6.3,gcc_ntoarmv7le_cpp -w1 -I../uslscore/public -I/Applications/bbndk/target_10_0_9_1673/qnx6/usr/include/freetype2 -I/Applications/bbndk/target_10_0_9_1673/target-override/usr/include -I/Users/nictuku/Documents/development/zipline/moai-dev/3rdparty/lua-5.1.3/src -I/Users/nictuku/Documents/development/zipline/moai-dev/src/ -I/Users/nictuku/Documents/development/zipline/moai-dev/3rdparty/ -I/Users/nictuku/Documents/development/zipline/moai-dev/3rdparty/ooid-0.99/ -D_FORTIFY_SOURCE=2 -c -O0 -g -fstack-protector-strong
qcc -o src/USBase64Reader.o ../../../src/uslscore/USBase64Reader.cpp -V4.6.3,gcc_ntoarmv7le_cpp -w1 -I../uslscore/public -I/Applications/bbndk/target_10_0_9_1673/qnx6/usr/include/freetype2 -I/Applications/bbndk/target_10_0_9_1673/target-override/usr/include -I/Users/nictuku/Documents/development/zipline/moai-dev/3rdparty/lua-5.1.3/src -I/Users/nictuku/Documents/development/zipline/moai-dev/src/ -I/Users/nictuku/Documents/development/zipline/moai-dev/3rdparty/ -I/Users/nictuku/Documents/development/zipline/moai-dev/3rdparty/ooid-0.99/ -D_FORTIFY_SOURCE=2 -c -O0 -g -fstack-protector-strong
In file included from /Users/nictuku/Documents/development/zipline/moai-dev/src/uslscore/USStream.h:7:0,
                 from /Users/nictuku/Documents/development/zipline/moai-dev/src/uslscore/USStreamReader.h:7,
                 from /Users/nictuku/Documents/development/zipline/moai-dev/src/uslscore/USBase64Reader.h:8,
                 from ../../../src/uslscore/USBase64Reader.cpp:5:
/Users/nictuku/Documents/development/zipline/moai-dev/src/uslscore/STLString.h:46:8: note: the mangling of 'va_list' has changed in GCC 4.4
qcc -o src/USBase64Writer.o ../../../src/uslscore/USBase64Writer.cpp -V4.6.3,gcc_ntoarmv7le_cpp -w1 -I../uslscore/public -I/Applications/bbndk/target_10_0_9_1673/qnx6/usr/include/freetype2 -I/Applications/bbndk/target_10_0_9_1673/target-override/usr/include -I/Users/nictuku/Documents/development/zipline/moai-dev/3rdparty/lua-5.1.3/src -I/Users/nictuku/Documents/development/zipline/moai-dev/src/ -I/Users/nictuku/Documents/development/zipline/moai-dev/3rdparty/ -I/Users/nictuku/Documents/development/zipline/moai-dev/3rdparty/ooid-0.99/ -D_FORTIFY_SOURCE=2 -c -O0 -g -fstack-protector-strong
In file included from /Users/nictuku/Documents/development/zipline/moai-dev/src/uslscore/USStream.h:7:0,
                 from /Users/nictuku/Documents/development/zipline/moai-dev/src/uslscore/USStreamWriter.h:7,
                 from /Users/nictuku/Documents/development/zipline/moai-dev/src/uslscore/USBase64Writer.h:8,
                 from ../../../src/uslscore/USBase64Writer.cpp:5:
/Users/nictuku/Documents/development/zipline/moai-dev/src/uslscore/STLString.h:46:8: note: the mangling of 'va_list' has changed in GCC 4.4
qcc -o src/USQuaternion.o ../../../src/uslscore/USQuaternion.cpp -V4.6.3,gcc_ntoarmv7le_cpp -w1 -I../uslscore/public -I/Applications/bbndk/target_10_0_9_1673/qnx6/usr/include/freetype2 -I/Applications/bbndk/target_10_0_9_1673/target-override/usr/include -I/Users/nictuku/Documents/development/zipline/moai-dev/3rdparty/lua-5.1.3/src -I/Users/nictuku/Documents/development/zipline/moai-dev/src/ -I/Users/nictuku/Documents/development/zipline/moai-dev/3rdparty/ -I/Users/nictuku/Documents/development/zipline/moai-dev/3rdparty/ooid-0.99/ -D_FORTIFY_SOURCE=2 -c -O0 -g -fstack-protector-strong
qcc -o src/USParser.o ../../../src/uslscore/USParser.cpp -V4.6.3,gcc_ntoarmv7le_cpp -w1 -I../uslscore/public -I/Applications/bbndk/target_10_0_9_1673/qnx6/usr/include/freetype2 -I/Applications/bbndk/target_10_0_9_1673/target-override/usr/include -I/Users/nictuku/Documents/development/zipline/moai-dev/3rdparty/lua-5.1.3/src -I/Users/nictuku/Documents/development/zipline/moai-dev/src/ -I/Users/nictuku/Documents/development/zipline/moai-dev/3rdparty/ -I/Users/nictuku/Documents/development/zipline/moai-dev/3rdparty/ooid-0.99/ -D_FORTIFY_SOURCE=2 -c -O0 -g -fstack-protector-strong
In file included from /Users/nictuku/Documents/development/zipline/moai-dev/src/uslscore/USStream.h:7:0,
                 from /Users/nictuku/Documents/development/zipline/moai-dev/src/uslscore/USLexStream.h:8,
                 from ../../../src/uslscore/USParser.cpp:5:
/Users/nictuku/Documents/development/zipline/moai-dev/src/uslscore/STLString.h:46:8: note: the mangling of 'va_list' has changed in GCC 4.4
qcc -o src/USHashWriterMD5.o ../../../src/uslscore/USHashWriterMD5.cpp -V4.6.3,gcc_ntoarmv7le_cpp -w1 -I../uslscore/public -I/Applications/bbndk/target_10_0_9_1673/qnx6/usr/include/freetype2 -I/Applications/bbndk/target_10_0_9_1673/target-override/usr/include -I/Users/nictuku/Documents/development/zipline/moai-dev/3rdparty/lua-5.1.3/src -I/Users/nictuku/Documents/development/zipline/moai-dev/src/ -I/Users/nictuku/Documents/development/zipline/moai-dev/3rdparty/ -I/Users/nictuku/Documents/development/zipline/moai-dev/3rdparty/ooid-0.99/ -D_FORTIFY_SOURCE=2 -c -O0 -g -fstack-protector-strong
In file included from /Users/nictuku/Documents/development/zipline/moai-dev/src/uslscore/USStream.h:7:0,
                 from /Users/nictuku/Documents/development/zipline/moai-dev/src/uslscore/USStreamWriter.h:7,
                 from /Users/nictuku/Documents/development/zipline/moai-dev/src/uslscore/USHashWriter.h:7,
                 from /Users/nictuku/Documents/development/zipline/moai-dev/src/uslscore/USHashWriterMD5.h:7,
                 from ../../../src/uslscore/USHashWriterMD5.cpp:6:
/Users/nictuku/Documents/development/zipline/moai-dev/src/uslscore/STLString.h:46:8: note: the mangling of 'va_list' has changed in GCC 4.4
qcc -o src/USHashWriterCRC32.o ../../../src/uslscore/USHashWriterCRC32.cpp -V4.6.3,gcc_ntoarmv7le_cpp -w1 -I../uslscore/public -I/Applications/bbndk/target_10_0_9_1673/qnx6/usr/include/freetype2 -I/Applications/bbndk/target_10_0_9_1673/target-override/usr/include -I/Users/nictuku/Documents/development/zipline/moai-dev/3rdparty/lua-5.1.3/src -I/Users/nictuku/Documents/development/zipline/moai-dev/src/ -I/Users/nictuku/Documents/development/zipline/moai-dev/3rdparty/ -I/Users/nictuku/Documents/development/zipline/moai-dev/3rdparty/ooid-0.99/ -D_FORTIFY_SOURCE=2 -c -O0 -g -fstack-protector-strong
In file included from /Users/nictuku/Documents/development/zipline/moai-dev/src/uslscore/USStream.h:7:0,
                 from /Users/nictuku/Documents/development/zipline/moai-dev/src/uslscore/USStreamWriter.h:7,
                 from /Users/nictuku/Documents/development/zipline/moai-dev/src/uslscore/USHashWriter.h:7,
                 from /Users/nictuku/Documents/development/zipline/moai-dev/src/uslscore/USHashWriterCRC32.h:7,
                 from ../../../src/uslscore/USHashWriterCRC32.cpp:6:
/Users/nictuku/Documents/development/zipline/moai-dev/src/uslscore/STLString.h:46:8: note: the mangling of 'va_list' has changed in GCC 4.4
qcc -o src/USQuadCoord.o ../../../src/uslscore/USQuadCoord.cpp -V4.6.3,gcc_ntoarmv7le_cpp -w1 -I../uslscore/public -I/Applications/bbndk/target_10_0_9_1673/qnx6/usr/include/freetype2 -I/Applications/bbndk/target_10_0_9_1673/target-override/usr/include -I/Users/nictuku/Documents/development/zipline/moai-dev/3rdparty/lua-5.1.3/src -I/Users/nictuku/Documents/development/zipline/moai-dev/src/ -I/Users/nictuku/Documents/development/zipline/moai-dev/3rdparty/ -I/Users/nictuku/Documents/development/zipline/moai-dev/3rdparty/ooid-0.99/ -D_FORTIFY_SOURCE=2 -c -O0 -g -fstack-protector-strong
qcc -o src/USHashWriterSHA1.o ../../../src/uslscore/USHashWriterSHA1.cpp -V4.6.3,gcc_ntoarmv7le_cpp -w1 -I../uslscore/public -I/Applications/bbndk/target_10_0_9_1673/qnx6/usr/include/freetype2 -I/Applications/bbndk/target_10_0_9_1673/target-override/usr/include -I/Users/nictuku/Documents/development/zipline/moai-dev/3rdparty/lua-5.1.3/src -I/Users/nictuku/Documents/development/zipline/moai-dev/src/ -I/Users/nictuku/Documents/development/zipline/moai-dev/3rdparty/ -I/Users/nictuku/Documents/development/zipline/moai-dev/3rdparty/ooid-0.99/ -D_FORTIFY_SOURCE=2 -c -O0 -g -fstack-protector-strong
In file included from /Users/nictuku/Documents/development/zipline/moai-dev/src/uslscore/USStream.h:7:0,
                 from /Users/nictuku/Documents/development/zipline/moai-dev/src/uslscore/USStreamWriter.h:7,
                 from /Users/nictuku/Documents/development/zipline/moai-dev/src/uslscore/USHashWriter.h:7,
                 from /Users/nictuku/Documents/development/zipline/moai-dev/src/uslscore/USHashWriterSHA1.h:7,
                 from ../../../src/uslscore/USHashWriterSHA1.cpp:6:
/Users/nictuku/Documents/development/zipline/moai-dev/src/uslscore/STLString.h:46:8: note: the mangling of 'va_list' has changed in GCC 4.4
qcc -o src/USTrig.o ../../../src/uslscore/USTrig.cpp -V4.6.3,gcc_ntoarmv7le_cpp -w1 -I../uslscore/public -I/Applications/bbndk/target_10_0_9_1673/qnx6/usr/include/freetype2 -I/Applications/bbndk/target_10_0_9_1673/target-override/usr/include -I/Users/nictuku/Documents/development/zipline/moai-dev/3rdparty/lua-5.1.3/src -I/Users/nictuku/Documents/development/zipline/moai-dev/src/ -I/Users/nictuku/Documents/development/zipline/moai-dev/3rdparty/ -I/Users/nictuku/Documents/development/zipline/moai-dev/3rdparty/ooid-0.99/ -D_FORTIFY_SOURCE=2 -c -O0 -g -fstack-protector-strong
qcc -o src/USInterpolate.o ../../../src/uslscore/USInterpolate.cpp -V4.6.3,gcc_ntoarmv7le_cpp -w1 -I../uslscore/public -I/Applications/bbndk/target_10_0_9_1673/qnx6/usr/include/freetype2 -I/Applications/bbndk/target_10_0_9_1673/target-override/usr/include -I/Users/nictuku/Documents/development/zipline/moai-dev/3rdparty/lua-5.1.3/src -I/Users/nictuku/Documents/development/zipline/moai-dev/src/ -I/Users/nictuku/Documents/development/zipline/moai-dev/3rdparty/ -I/Users/nictuku/Documents/development/zipline/moai-dev/3rdparty/ooid-0.99/ -D_FORTIFY_SOURCE=2 -c -O0 -g -fstack-protector-strong
qcc -o src/USPrism.o ../../../src/uslscore/USPrism.cpp -V4.6.3,gcc_ntoarmv7le_cpp -w1 -I../uslscore/public -I/Applications/bbndk/target_10_0_9_1673/qnx6/usr/include/freetype2 -I/Applications/bbndk/target_10_0_9_1673/target-override/usr/include -I/Users/nictuku/Documents/development/zipline/moai-dev/3rdparty/lua-5.1.3/src -I/Users/nictuku/Documents/development/zipline/moai-dev/src/ -I/Users/nictuku/Documents/development/zipline/moai-dev/3rdparty/ -I/Users/nictuku/Documents/development/zipline/moai-dev/3rdparty/ooid-0.99/ -D_FORTIFY_SOURCE=2 -c -O0 -g -fstack-protector-strong
qcc -o src/USBox.o ../../../src/uslscore/USBox.cpp -V4.6.3,gcc_ntoarmv7le_cpp -w1 -I../uslscore/public -I/Applications/bbndk/target_10_0_9_1673/qnx6/usr/include/freetype2 -I/Applications/bbndk/target_10_0_9_1673/target-override/usr/include -I/Users/nictuku/Documents/development/zipline/moai-dev/3rdparty/lua-5.1.3/src -I/Users/nictuku/Documents/development/zipline/moai-dev/src/ -I/Users/nictuku/Documents/development/zipline/moai-dev/3rdparty/ -I/Users/nictuku/Documents/development/zipline/moai-dev/3rdparty/ooid-0.99/ -D_FORTIFY_SOURCE=2 -c -O0 -g -fstack-protector-strong
qcc -o src/USSyntaxNode.o ../../../src/uslscore/USSyntaxNode.cpp -V4.6.3,gcc_ntoarmv7le_cpp -w1 -I../uslscore/public -I/Applications/bbndk/target_10_0_9_1673/qnx6/usr/include/freetype2 -I/Applications/bbndk/target_10_0_9_1673/target-override/usr/include -I/Users/nictuku/Documents/development/zipline/moai-dev/3rdparty/lua-5.1.3/src -I/Users/nictuku/Documents/development/zipline/moai-dev/src/ -I/Users/nictuku/Documents/development/zipline/moai-dev/3rdparty/ -I/Users/nictuku/Documents/development/zipline/moai-dev/3rdparty/ooid-0.99/ -D_FORTIFY_SOURCE=2 -c -O0 -g -fstack-protector-strong
In file included from /Users/nictuku/Documents/development/zipline/moai-dev/src/uslscore/USSyntaxNode.h:8:0,
                 from ../../../src/uslscore/USSyntaxNode.cpp:5:
/Users/nictuku/Documents/development/zipline/moai-dev/src/uslscore/STLString.h:46:8: note: the mangling of 'va_list' has changed in GCC 4.4
qcc -o src/USCurve.o ../../../src/uslscore/USCurve.cpp -V4.6.3,gcc_ntoarmv7le_cpp -w1 -I../uslscore/public -I/Applications/bbndk/target_10_0_9_1673/qnx6/usr/include/freetype2 -I/Applications/bbndk/target_10_0_9_1673/target-override/usr/include -I/Users/nictuku/Documents/development/zipline/moai-dev/3rdparty/lua-5.1.3/src -I/Users/nictuku/Documents/development/zipline/moai-dev/src/ -I/Users/nictuku/Documents/development/zipline/moai-dev/3rdparty/ -I/Users/nictuku/Documents/development/zipline/moai-dev/3rdparty/ooid-0.99/ -D_FORTIFY_SOURCE=2 -c -O0 -g -fstack-protector-strong
qcc -o src/USHexWriter.o ../../../src/uslscore/USHexWriter.cpp -V4.6.3,gcc_ntoarmv7le_cpp -w1 -I../uslscore/public -I/Applications/bbndk/target_10_0_9_1673/qnx6/usr/include/freetype2 -I/Applications/bbndk/target_10_0_9_1673/target-override/usr/include -I/Users/nictuku/Documents/development/zipline/moai-dev/3rdparty/lua-5.1.3/src -I/Users/nictuku/Documents/development/zipline/moai-dev/src/ -I/Users/nictuku/Documents/development/zipline/moai-dev/3rdparty/ -I/Users/nictuku/Documents/development/zipline/moai-dev/3rdparty/ooid-0.99/ -D_FORTIFY_SOURCE=2 -c -O0 -g -fstack-protector-strong
In file included from /Users/nictuku/Documents/development/zipline/moai-dev/src/uslscore/USStream.h:7:0,
                 from /Users/nictuku/Documents/development/zipline/moai-dev/src/uslscore/USStreamWriter.h:7,
                 from /Users/nictuku/Documents/development/zipline/moai-dev/src/uslscore/USHexWriter.h:7,
                 from ../../../src/uslscore/USHexWriter.cpp:5:
/Users/nictuku/Documents/development/zipline/moai-dev/src/uslscore/STLString.h:46:8: note: the mangling of 'va_list' has changed in GCC 4.4
qcc -o src/USHexReader.o ../../../src/uslscore/USHexReader.cpp -V4.6.3,gcc_ntoarmv7le_cpp -w1 -I../uslscore/public -I/Applications/bbndk/target_10_0_9_1673/qnx6/usr/include/freetype2 -I/Applications/bbndk/target_10_0_9_1673/target-override/usr/include -I/Users/nictuku/Documents/development/zipline/moai-dev/3rdparty/lua-5.1.3/src -I/Users/nictuku/Documents/development/zipline/moai-dev/src/ -I/Users/nictuku/Documents/development/zipline/moai-dev/3rdparty/ -I/Users/nictuku/Documents/development/zipline/moai-dev/3rdparty/ooid-0.99/ -D_FORTIFY_SOURCE=2 -c -O0 -g -fstack-protector-strong
In file included from /Users/nictuku/Documents/development/zipline/moai-dev/src/uslscore/USStream.h:7:0,
                 from /Users/nictuku/Documents/development/zipline/moai-dev/src/uslscore/USStreamReader.h:7,
                 from /Users/nictuku/Documents/development/zipline/moai-dev/src/uslscore/USHexReader.h:7,
                 from ../../../src/uslscore/USHexReader.cpp:5:
/Users/nictuku/Documents/development/zipline/moai-dev/src/uslscore/STLString.h:46:8: note: the mangling of 'va_list' has changed in GCC 4.4
qcc -o src/USPolar.o ../../../src/uslscore/USPolar.cpp -V4.6.3,gcc_ntoarmv7le_cpp -w1 -I../uslscore/public -I/Applications/bbndk/target_10_0_9_1673/qnx6/usr/include/freetype2 -I/Applications/bbndk/target_10_0_9_1673/target-override/usr/include -I/Users/nictuku/Documents/development/zipline/moai-dev/3rdparty/lua-5.1.3/src -I/Users/nictuku/Documents/development/zipline/moai-dev/src/ -I/Users/nictuku/Documents/development/zipline/moai-dev/3rdparty/ -I/Users/nictuku/Documents/development/zipline/moai-dev/3rdparty/ooid-0.99/ -D_FORTIFY_SOURCE=2 -c -O0 -g -fstack-protector-strong
qcc -o src/USHashWriterSHA512.o ../../../src/uslscore/USHashWriterSHA512.cpp -V4.6.3,gcc_ntoarmv7le_cpp -w1 -I../uslscore/public -I/Applications/bbndk/target_10_0_9_1673/qnx6/usr/include/freetype2 -I/Applications/bbndk/target_10_0_9_1673/target-override/usr/include -I/Users/nictuku/Documents/development/zipline/moai-dev/3rdparty/lua-5.1.3/src -I/Users/nictuku/Documents/development/zipline/moai-dev/src/ -I/Users/nictuku/Documents/development/zipline/moai-dev/3rdparty/ -I/Users/nictuku/Documents/development/zipline/moai-dev/3rdparty/ooid-0.99/ -D_FORTIFY_SOURCE=2 -c -O0 -g -fstack-protector-strong
In file included from /Users/nictuku/Documents/development/zipline/moai-dev/src/uslscore/USStream.h:7:0,
                 from /Users/nictuku/Documents/development/zipline/moai-dev/src/uslscore/USStreamWriter.h:7,
                 from /Users/nictuku/Documents/development/zipline/moai-dev/src/uslscore/USHashWriter.h:7,
                 from /Users/nictuku/Documents/development/zipline/moai-dev/src/uslscore/USHashWriterSHA512.h:7,
                 from ../../../src/uslscore/USHashWriterSHA512.cpp:6:
/Users/nictuku/Documents/development/zipline/moai-dev/src/uslscore/STLString.h:46:8: note: the mangling of 'va_list' has changed in GCC 4.4
qcc -o src/USCgt.o ../../../src/uslscore/USCgt.cpp -V4.6.3,gcc_ntoarmv7le_cpp -w1 -I../uslscore/public -I/Applications/bbndk/target_10_0_9_1673/qnx6/usr/include/freetype2 -I/Applications/bbndk/target_10_0_9_1673/target-override/usr/include -I/Users/nictuku/Documents/development/zipline/moai-dev/3rdparty/lua-5.1.3/src -I/Users/nictuku/Documents/development/zipline/moai-dev/src/ -I/Users/nictuku/Documents/development/zipline/moai-dev/3rdparty/ -I/Users/nictuku/Documents/development/zipline/moai-dev/3rdparty/ooid-0.99/ -D_FORTIFY_SOURCE=2 -c -O0 -g -fstack-protector-strong
In file included from /Users/nictuku/Documents/development/zipline/moai-dev/src/uslscore/USCgt.h:7:0,
                 from ../../../src/uslscore/USCgt.cpp:5:
/Users/nictuku/Documents/development/zipline/moai-dev/src/uslscore/STLString.h:46:8: note: the mangling of 'va_list' has changed in GCC 4.4
qcc -o src/USDistance.o ../../../src/uslscore/USDistance.cpp -V4.6.3,gcc_ntoarmv7le_cpp -w1 -I../uslscore/public -I/Applications/bbndk/target_10_0_9_1673/qnx6/usr/include/freetype2 -I/Applications/bbndk/target_10_0_9_1673/target-override/usr/include -I/Users/nictuku/Documents/development/zipline/moai-dev/3rdparty/lua-5.1.3/src -I/Users/nictuku/Documents/development/zipline/moai-dev/src/ -I/Users/nictuku/Documents/development/zipline/moai-dev/3rdparty/ -I/Users/nictuku/Documents/development/zipline/moai-dev/3rdparty/ooid-0.99/ -D_FORTIFY_SOURCE=2 -c -O0 -g -fstack-protector-strong
qcc -o src/USFileSys.o ../../../src/uslscore/USFileSys.cpp -V4.6.3,gcc_ntoarmv7le_cpp -w1 -I../uslscore/public -I/Applications/bbndk/target_10_0_9_1673/qnx6/usr/include/freetype2 -I/Applications/bbndk/target_10_0_9_1673/target-override/usr/include -I/Users/nictuku/Documents/development/zipline/moai-dev/3rdparty/lua-5.1.3/src -I/Users/nictuku/Documents/development/zipline/moai-dev/src/ -I/Users/nictuku/Documents/development/zipline/moai-dev/3rdparty/ -I/Users/nictuku/Documents/development/zipline/moai-dev/3rdparty/ooid-0.99/ -D_FORTIFY_SOURCE=2 -c -O0 -g -fstack-protector-strong
In file included from /Users/nictuku/Documents/development/zipline/moai-dev/src/uslscore/USDirectoryItr.h:7:0,
                 from ../../../src/uslscore/USFileSys.cpp:6:
/Users/nictuku/Documents/development/zipline/moai-dev/src/uslscore/STLString.h:46:8: note: the mangling of 'va_list' has changed in GCC 4.4
qcc -o src/USRhombus.o ../../../src/uslscore/USRhombus.cpp -V4.6.3,gcc_ntoarmv7le_cpp -w1 -I../uslscore/public -I/Applications/bbndk/target_10_0_9_1673/qnx6/usr/include/freetype2 -I/Applications/bbndk/target_10_0_9_1673/target-override/usr/include -I/Users/nictuku/Documents/development/zipline/moai-dev/3rdparty/lua-5.1.3/src -I/Users/nictuku/Documents/development/zipline/moai-dev/src/ -I/Users/nictuku/Documents/development/zipline/moai-dev/3rdparty/ -I/Users/nictuku/Documents/development/zipline/moai-dev/3rdparty/ooid-0.99/ -D_FORTIFY_SOURCE=2 -c -O0 -g -fstack-protector-strong
qcc -o src/USDeviceTime_posix.o ../../../src/uslscore/USDeviceTime_posix.cpp -V4.6.3,gcc_ntoarmv7le_cpp -w1 -I../uslscore/public -I/Applications/bbndk/target_10_0_9_1673/qnx6/usr/include/freetype2 -I/Applications/bbndk/target_10_0_9_1673/target-override/usr/include -I/Users/nictuku/Documents/development/zipline/moai-dev/3rdparty/lua-5.1.3/src -I/Users/nictuku/Documents/development/zipline/moai-dev/src/ -I/Users/nictuku/Documents/development/zipline/moai-dev/3rdparty/ -I/Users/nictuku/Documents/development/zipline/moai-dev/3rdparty/ooid-0.99/ -D_FORTIFY_SOURCE=2 -c -O0 -g -fstack-protector-strong
qcc -o src/STLString.o ../../../src/uslscore/STLString.cpp -V4.6.3,gcc_ntoarmv7le_cpp -w1 -I../uslscore/public -I/Applications/bbndk/target_10_0_9_1673/qnx6/usr/include/freetype2 -I/Applications/bbndk/target_10_0_9_1673/target-override/usr/include -I/Users/nictuku/Documents/development/zipline/moai-dev/3rdparty/lua-5.1.3/src -I/Users/nictuku/Documents/development/zipline/moai-dev/src/ -I/Users/nictuku/Documents/development/zipline/moai-dev/3rdparty/ -I/Users/nictuku/Documents/development/zipline/moai-dev/3rdparty/ooid-0.99/ -D_FORTIFY_SOURCE=2 -c -O0 -g -fstack-protector-strong
../../../src/uslscore/STLString.cpp: In member function 'void STLString::write_var(cc8*, std::va_list)':
../../../src/uslscore/STLString.cpp:162:6: note: the mangling of 'va_list' has changed in GCC 4.4
qcc -o src/USMercator.o ../../../src/uslscore/USMercator.cpp -V4.6.3,gcc_ntoarmv7le_cpp -w1 -I../uslscore/public -I/Applications/bbndk/target_10_0_9_1673/qnx6/usr/include/freetype2 -I/Applications/bbndk/target_10_0_9_1673/target-override/usr/include -I/Users/nictuku/Documents/development/zipline/moai-dev/3rdparty/lua-5.1.3/src -I/Users/nictuku/Documents/development/zipline/moai-dev/src/ -I/Users/nictuku/Documents/development/zipline/moai-dev/3rdparty/ -I/Users/nictuku/Documents/development/zipline/moai-dev/3rdparty/ooid-0.99/ -D_FORTIFY_SOURCE=2 -c -O0 -g -fstack-protector-strong
qcc -o src/USXmlReader.o ../../../src/uslscore/USXmlReader.cpp -V4.6.3,gcc_ntoarmv7le_cpp -w1 -I../uslscore/public -I/Applications/bbndk/target_10_0_9_1673/qnx6/usr/include/freetype2 -I/Applications/bbndk/target_10_0_9_1673/target-override/usr/include -I/Users/nictuku/Documents/development/zipline/moai-dev/3rdparty/lua-5.1.3/src -I/Users/nictuku/Documents/development/zipline/moai-dev/src/ -I/Users/nictuku/Documents/development/zipline/moai-dev/3rdparty/ -I/Users/nictuku/Documents/development/zipline/moai-dev/3rdparty/ooid-0.99/ -D_FORTIFY_SOURCE=2 -c -O0 -g -fstack-protector-strong
In file included from /Users/nictuku/Documents/development/zipline/moai-dev/src/uslscore/USStream.h:7:0,
                 from ../../../src/uslscore/USXmlReader.cpp:5:
/Users/nictuku/Documents/development/zipline/moai-dev/src/uslscore/STLString.h:46:8: note: the mangling of 'va_list' has changed in GCC 4.4
qcc -o src/USByteStream.o ../../../src/uslscore/USByteStream.cpp -V4.6.3,gcc_ntoarmv7le_cpp -w1 -I../uslscore/public -I/Applications/bbndk/target_10_0_9_1673/qnx6/usr/include/freetype2 -I/Applications/bbndk/target_10_0_9_1673/target-override/usr/include -I/Users/nictuku/Documents/development/zipline/moai-dev/3rdparty/lua-5.1.3/src -I/Users/nictuku/Documents/development/zipline/moai-dev/src/ -I/Users/nictuku/Documents/development/zipline/moai-dev/3rdparty/ -I/Users/nictuku/Documents/development/zipline/moai-dev/3rdparty/ooid-0.99/ -D_FORTIFY_SOURCE=2 -c -O0 -g -fstack-protector-strong
In file included from /Users/nictuku/Documents/development/zipline/moai-dev/src/uslscore/USFileSys.h:7:0,
                 from ../../../src/uslscore/USByteStream.cpp:6:
/Users/nictuku/Documents/development/zipline/moai-dev/src/uslscore/STLString.h:46:8: note: the mangling of 'va_list' has changed in GCC 4.4
qcc -o src/USHashWriterSHA384.o ../../../src/uslscore/USHashWriterSHA384.cpp -V4.6.3,gcc_ntoarmv7le_cpp -w1 -I../uslscore/public -I/Applications/bbndk/target_10_0_9_1673/qnx6/usr/include/freetype2 -I/Applications/bbndk/target_10_0_9_1673/target-override/usr/include -I/Users/nictuku/Documents/development/zipline/moai-dev/3rdparty/lua-5.1.3/src -I/Users/nictuku/Documents/development/zipline/moai-dev/src/ -I/Users/nictuku/Documents/development/zipline/moai-dev/3rdparty/ -I/Users/nictuku/Documents/development/zipline/moai-dev/3rdparty/ooid-0.99/ -D_FORTIFY_SOURCE=2 -c -O0 -g -fstack-protector-strong
In file included from /Users/nictuku/Documents/development/zipline/moai-dev/src/uslscore/USStream.h:7:0,
                 from /Users/nictuku/Documents/development/zipline/moai-dev/src/uslscore/USStreamWriter.h:7,
                 from /Users/nictuku/Documents/development/zipline/moai-dev/src/uslscore/USHashWriter.h:7,
                 from /Users/nictuku/Documents/development/zipline/moai-dev/src/uslscore/USHashWriterSHA384.h:7,
                 from ../../../src/uslscore/USHashWriterSHA384.cpp:6:
/Users/nictuku/Documents/development/zipline/moai-dev/src/uslscore/STLString.h:46:8: note: the mangling of 'va_list' has changed in GCC 4.4
qcc -o src/USTypedPtr.o ../../../src/uslscore/USTypedPtr.cpp -V4.6.3,gcc_ntoarmv7le_cpp -w1 -I../uslscore/public -I/Applications/bbndk/target_10_0_9_1673/qnx6/usr/include/freetype2 -I/Applications/bbndk/target_10_0_9_1673/target-override/usr/include -I/Users/nictuku/Documents/development/zipline/moai-dev/3rdparty/lua-5.1.3/src -I/Users/nictuku/Documents/development/zipline/moai-dev/src/ -I/Users/nictuku/Documents/development/zipline/moai-dev/3rdparty/ -I/Users/nictuku/Documents/development/zipline/moai-dev/3rdparty/ooid-0.99/ -D_FORTIFY_SOURCE=2 -c -O0 -g -fstack-protector-strong
qcc -o src/USPlane.o ../../../src/uslscore/USPlane.cpp -V4.6.3,gcc_ntoarmv7le_cpp -w1 -I../uslscore/public -I/Applications/bbndk/target_10_0_9_1673/qnx6/usr/include/freetype2 -I/Applications/bbndk/target_10_0_9_1673/target-override/usr/include -I/Users/nictuku/Documents/development/zipline/moai-dev/3rdparty/lua-5.1.3/src -I/Users/nictuku/Documents/development/zipline/moai-dev/src/ -I/Users/nictuku/Documents/development/zipline/moai-dev/3rdparty/ -I/Users/nictuku/Documents/development/zipline/moai-dev/3rdparty/ooid-0.99/ -D_FORTIFY_SOURCE=2 -c -O0 -g -fstack-protector-strong
qcc -o src/USDeflateReader.o ../../../src/uslscore/USDeflateReader.cpp -V4.6.3,gcc_ntoarmv7le_cpp -w1 -I../uslscore/public -I/Applications/bbndk/target_10_0_9_1673/qnx6/usr/include/freetype2 -I/Applications/bbndk/target_10_0_9_1673/target-override/usr/include -I/Users/nictuku/Documents/development/zipline/moai-dev/3rdparty/lua-5.1.3/src -I/Users/nictuku/Documents/development/zipline/moai-dev/src/ -I/Users/nictuku/Documents/development/zipline/moai-dev/3rdparty/ -I/Users/nictuku/Documents/development/zipline/moai-dev/3rdparty/ooid-0.99/ -D_FORTIFY_SOURCE=2 -c -O0 -g -fstack-protector-strong
In file included from /Users/nictuku/Documents/development/zipline/moai-dev/src/uslscore/USStream.h:7:0,
                 from /Users/nictuku/Documents/development/zipline/moai-dev/src/uslscore/USStreamReader.h:7,
                 from /Users/nictuku/Documents/development/zipline/moai-dev/src/uslscore/USDeflateReader.h:8,
                 from ../../../src/uslscore/USDeflateReader.cpp:5:
/Users/nictuku/Documents/development/zipline/moai-dev/src/uslscore/STLString.h:46:8: note: the mangling of 'va_list' has changed in GCC 4.4
qcc -A libuslscore.a src/uslscore-pch.o src/USZipFile.o src/USZip.o src/USXmlReader.o src/USUnique_linux.o src/USTypedPtr.o src/USTrig.o src/USSyntaxScanner.o src/USSyntaxNode.o src/USSurface2D.o src/USStreamWriter.o src/USStreamReader.o src/USStream.o src/USRhombus.o src/USQuaternion.o src/USQuadCoord.o src/USQuad.o src/USPrism.o src/USPolar.o src/USPlane.o src/USParser.o src/USMercator.o src/USMemStream.o src/USLog.o src/USLexStream.o src/USIntersect.o src/USInterpolate.o src/USHexWriter.o src/USHexReader.o src/USHexDump.o src/USHashWriterWhirlpool.o src/USHashWriterSHA512.o src/USHashWriterSHA384.o src/USHashWriterSHA256.o src/USHashWriterSHA224.o src/USHashWriterSHA1.o src/USHashWriterMD5.o src/USHashWriterCRC32.o src/USHashWriterAdler32.o src/USHashWriter.o src/USFrustum.o src/USFileSys.o src/USFileStream.o src/USDistance.o src/USDirectoryItr.o src/USDeviceTime_posix.o src/USDeflateWriter.o src/USDeflateReader.o src/USCurve.o src/USColor.o src/USCgt.o src/USByteStream.o src/USBox.o src/USBase64Writer.o src/USBase64Reader.o src/USBase64Encoder.o src/USAdapterInfo_posix.o src/STLString.o -V4.6.3,gcc_ntoarmv7le_cpp -w1
/Applications/bbndk/host_10_0_9_404/darwin/x86/usr/bin/ntoarm-ar: creating libuslscore.a
Build complete for project uslscore
Time consumed: 19832  ms.  
